<?xml version="1.0" encoding="UTF-8"?>
<robot generator="Robot 4.1.1 (Python 3.9.10 on win32)" generated="20220216 18:26:57.939" rpa="false" schemaversion="2">
<suite id="s1" name="Api" source="E:\Hue_repo\interview-automation\testcases\api">
<suite id="s1-s1" name="Get Product Information And Verify" source="E:\Hue_repo\interview-automation\testcases\api\get_product_information_and_verify.robot">
<test id="s1-s1-t1" name="Get product information by sku and verify">
<kw name="Get product detail infomation by sku" library="get_product_api">
<var>${response}</var>
<arg>${product_4901301259691.sku}</arg>
<arg>${get_product_enpoint}</arg>
<kw name="Replace String" library="String">
<var>${enpoint}</var>
<arg>${enpoint}</arg>
<arg>product_sku</arg>
<arg>${sku}</arg>
<doc>Replaces ``search_for`` in the given ``string`` with ``replace_with``.</doc>
<msg timestamp="20220216 18:26:58.458" level="INFO">${enpoint} = https://www.tops.co.th/v2/api/catalog/tops_sa_432_en/products/search?searchCriteria%5Bfilter_groups%5D%5B9%5D%5Bfilters%5D%5B0%5D%5Bfield%5D=search_term&amp;searchCriteria%5Bfilter_groups%5D%5B9%5D%5Bfilt...</msg>
<status status="PASS" starttime="20220216 18:26:58.458" endtime="20220216 18:26:58.458"/>
</kw>
<kw name="GET" library="REST">
<var>${response}</var>
<arg>endpoint=${enpoint}</arg>
<tag>http</tag>
<doc>*Sends a GET request to the endpoint.*</doc>
<msg timestamp="20220216 18:26:58.705" level="INFO">${response} = {'seconds': 0.22508799999999998, 'status': 200, 'reason': 'OK', 'body': {'query_suggestions': ['4901301259721'], 'total_count': 1, 'products': [{'id': 87104, 'store_id': 17, 'store_code': 'tops_sa_432...</msg>
<status status="PASS" starttime="20220216 18:26:58.458" endtime="20220216 18:26:58.705"/>
</kw>
<kw name="Integer" library="REST">
<arg>response status</arg>
<arg>200</arg>
<tag>assertions</tag>
<doc>*Asserts the field as JSON integer.*</doc>
<status status="PASS" starttime="20220216 18:26:58.706" endtime="20220216 18:26:58.707"/>
</kw>
<kw name="Output" library="REST">
<var>${response}</var>
<arg>response body</arg>
<tag>I/O</tag>
<doc>*Outputs JSON to terminal or a file.*</doc>
<msg timestamp="20220216 18:26:58.710" level="INFO">
{
    "query_suggestions": [
        "4901301259721"
    ],
    "total_count": 1,
    "products": [
        {
            "id": 87104,
            "store_id": 17,
            "store_code": "tops_sa_432_en",
            "name": "Merries Baby Diaper Pants Size M 74pcs.",
            "type_id": "simple",
            "rating_summary": 0,
            "sku": "4901301259691",
            "brand_name": "MERRIES",
            "country_of_product": "Japan",
            "recommended": 0,
            "is_returnable": 0,
            "ranking": 0.0132,
            "consumer_unit": "pack",
            "selling_unit": null,
            "product_badge": 0,
            "weight_item_ind": "0",
            "product_remark": null,
            "lifestyle_and_benefit": [],
            "item_remark": "Cut and Cooking Method Remark",
            "manual_disable": false,
            "recommended_sort_order": null,
            "package_uom": "PPCS",
            "cost": 0,
            "local_import": "Import",
            "manual_boosting": null,
            "promotion_exclude": false,
            "simple_pack_ind": 0,
            "url_key": "merries-baby-diaper-pants-size-m-74pcs-4901301259691",
            "the1card_qty": 2,
            "the1card_point": 400,
            "the1card_startdate": "2021-02-02 17:00:00",
            "the1card_startdate_unix": 1612285200,
            "the1card_enddate": "2021-02-16 17:00:00",
            "the1card_enddate_unix": 1613494800,
            "is_alcohol_restriction": false,
            "related_skus": [
                "4901301259691"
            ],
            "has_promotion_of_week": 1,
            "stock": {
                "qty": 9,
                "max_sale_qty": 24,
                "is_in_stock": true,
                "min_qty": 0,
                "min_sale_qty": 1
            },
            "name_tokenized_th": "เมอร์รี่ส์ กางเกงผ้าอ้อมเด็ก ขนาด M 74 ชิ้น",
            "brand_tokenized_th": "เมอร์รี่ส์",
            "category": [
                {
                    "category_id": 2605,
                    "name": "Mom &amp; Kids",
                    "level": 2,
                    "parent_id": 2,
                    "url_key": "mom-and-kids",
                    "url_path": "mom-and-kids"
                },
                {
                    "category_id": 2606,
                    "name": "Baby Diapers",
                    "level": 3,
                    "parent_id": 2605,
                    "url_key": "baby-diapers",
                    "url_path": "mom-and-kids/baby-diapers"
                },
                {
                    "category_id": 2607,
                    "name": "Baby Diapers Pants",
                    "level": 4,
                    "parent_id": 2606,
                    "url_key": "baby-diapers-pants",
                    "url_path": "mom-and-kids/baby-diapers/baby-diapers-pants"
                },
                {
                    "category_id": 3358,
                    "name": "Campaign",
                    "level": 2,
                    "parent_id": 2,
                    "url_key": "campaign",
                    "url_path": "campaign"
                },
                {
                    "category_id": 3359,
                    "name": "Offers",
                    "level": 2,
                    "parent_id": 2,
                    "url_key": "offers",
                    "url_path": "offers"
                },
                {
                    "category_id": 3360,
                    "name": "Best Deal",
                    "level": 2,
                    "parent_id": 2,
                    "url_key": "best-deal",
                    "url_path": "best-deal"
                },
                {
                    "category_id": 3922,
                    "name": "Corporate",
                    "level": 2,
                    "parent_id": 2,
                    "url_key": "corporate",
                    "url_path": "corporate"
                },
                {
                    "category_id": 10087,
                    "name": "Shop by Brands",
                    "level": 2,
                    "parent_id": 2,
                    "url_key": "shop-by-brands",
                    "url_path": "shop-by-brands"
                },
                {
                    "category_id": 11973,
                    "name": "Flash Deal",
                    "level": 2,
                    "parent_id": 2,
                    "url_key": "flash-deal",
                    "url_path": "flash-deal"
                },
                {
                    "category_id": 15172,
                    "name": "New arrival",
                    "level": 2,
                    "parent_id": 2,
                    "url_key": "new-arrival",
                    "url_path": "new-arrival"
                },
                {
                    "category_id": 15271,
                    "name": "MERRIES",
                    "level": 3,
                    "parent_id": 10087,
                    "url_key": "merries",
                    "url_path": "shop-by-brands/merries"
                },
                {
                    "category_id": 15273,
                    "name": "Baby Diapers Pants",
                    "level": 4,
                    "parent_id": 15271,
                    "url_key": "baby-diapers-pants",
                    "url_path": "shop-by-brands/merries/baby-diapers-pants"
                },
                {
                    "category_id": 23545,
                    "name": "Merries-Pants",
                    "level": 3,
                    "parent_id": 10087,
                    "url_key": "merries-pants",
                    "url_path": "shop-by-brands/merries-pants"
                },
                {
                    "category_id": 23546,
                    "name": "Baby Diapers Pants",
                    "level": 4,
                    "parent_id": 23545,
                    "url_key": "baby-diapers-pants",
                    "url_path": "shop-by-brands/merries-pants/baby-diapers-pants"
                },
                {
                    "category_id": 38229,
                    "name": "Mom &amp; Kids items 2021",
                    "level": 3,
                    "parent_id": 3358,
                    "url_key": "mom-kids-items-2021",
                    "url_path": "campaign/mom-kids-items-2021"
                },
                {
                    "category_id": 38235,
                    "name": "Baby Health Care",
                    "level": 4,
                    "parent_id": 38229,
                    "url_key": "baby-health-care",
                    "url_path": "campaign/mom-kids-items-2021/baby-health-care"
                },
                {
                    "category_id": 39358,
                    "name": "Baby &amp; Me",
                    "level": 3,
                    "parent_id": 10087,
                    "url_key": "baby-me",
                    "url_path": "shop-by-brands/baby-me"
                },
                {
                    "category_id": 39362,
                    "name": "Baby Diapers",
                    "level": 4,
                    "parent_id": 39358,
                    "url_key": "baby-diapers",
                    "url_path": "shop-by-brands/baby-me/baby-diapers"
                },
                {
                    "category_id": 39368,
                    "name": "Baby &amp; Me-by Stage",
                    "level": 3,
                    "parent_id": 10087,
                    "url_key": "baby-me-by-stage",
                    "url_path": "shop-by-brands/baby-me-by-stage"
                },
                {
                    "category_id": 39369,
                    "name": "Toddler (1-3y)",
                    "level": 4,
                    "parent_id": 39368,
                    "url_key": "toddler-1-3y",
                    "url_path": "shop-by-brands/baby-me-by-stage/toddler-1-3y"
                },
                {
                    "category_id": 39383,
                    "name": "Baby &amp; Me-Big Pack",
                    "level": 3,
                    "parent_id": 10087,
                    "url_key": "baby-me-big-pack",
                    "url_path": "shop-by-brands/baby-me-big-pack"
                },
                {
                    "category_id": 39384,
                    "name": "Baby Diapers",
                    "level": 4,
                    "parent_id": 39383,
                    "url_key": "baby-diapers",
                    "url_path": "shop-by-brands/baby-me-big-pack/baby-diapers"
                },
                {
                    "category_id": 39616,
                    "name": "Toddler (1-3year)",
                    "level": 3,
                    "parent_id": 2605,
                    "url_key": "toddler-1-3year",
                    "url_path": "mom-and-kids/toddler-1-3year"
                },
                {
                    "category_id": 39633,
                    "name": "Diaper",
                    "level": 4,
                    "parent_id": 39616,
                    "url_key": "diaper",
                    "url_path": "mom-and-kids/toddler-1-3year/diaper"
                },
                {
                    "category_id": 39874,
                    "name": "1 Baht 1 Point 1  8-21 Sep 21",
                    "level": 3,
                    "parent_id": 3922,
                    "url_key": "1-baht-1-point-1-8-21-sep-21",
                    "url_path": "corporate/1-baht-1-point-1-8-21-sep-21"
                },
                {
                    "category_id": 39875,
                    "name": "Baby Diapers",
                    "level": 4,
                    "parent_id": 39874,
                    "url_key": "baby-diapers",
                    "url_path": "corporate/1-baht-1-point-1-8-21-sep-21/baby-diapers"
                },
                {
                    "category_id": 40289,
                    "name": "Promotion Nestle x Merries Get Discount On 22 Sep -5 Oct 21",
                    "level": 3,
                    "parent_id": 3358,
                    "url_key": "promotion-nestle-x-merries-get-discount-on-22-sep-5-oct-21",
                    "url_path": "campaign/promotion-nestle-x-merries-get-discount-on-22-sep-5-oct-21"
                },
                {
                    "category_id": 40302,
                    "name": "Baby Diapers",
                    "level": 4,
                    "parent_id": 40289,
                    "url_key": "baby-diapers",
                    "url_path": "campaign/promotion-nestle-x-merries-get-discount-on-22-sep-5-oct-21/baby-diapers"
                },
                {
                    "category_id": 41323,
                    "name": "Merries Baby Diaper Pants",
                    "level": 3,
                    "parent_id": 10087,
                    "url_key": "merries-baby-diaper-pants",
                    "url_path": "shop-by-brands/merries-baby-diaper-pants"
                },
                {
                    "category_id": 41324,
                    "name": "Baby Diapers",
                    "level": 4,
                    "parent_id": 41323,
                    "url_key": "baby-diapers",
                    "url_path": "shop-by-brands/merries-baby-diaper-pants/baby-diapers"
                },
                {
                    "category_id": 41615,
                    "name": "Promotion Merries 4000 get 1200 discount 6-19 Oct 21",
                    "level": 3,
                    "parent_id": 3358,
                    "url_key": "promotion-merries-4000-get-1200-discount-6-19-oct-21",
                    "url_path": "campaign/promotion-merries-4000-get-1200-discount-6-19-oct-21"
                },
                {
                    "category_id": 41616,
                    "name": "Baby Diapers",
                    "level": 4,
                    "parent_id": 41615,
                    "url_key": "baby-diapers",
                    "url_path": "campaign/promotion-merries-4000-get-1200-discount-6-19-oct-21/baby-diapers"
                },
                {
                    "category_id": 41855,
                    "name": "Promotion Baby Diaper Subscription package 1 Nov - 31 Dec 21",
                    "level": 3,
                    "parent_id": 3358,
                    "url_key": "promotion-baby-diaper-subscription-package-1-nov-31-dec-21",
                    "url_path": "campaign/promotion-baby-diaper-subscription-package-1-nov-31-dec-21"
                },
                {
                    "category_id": 41856,
                    "name": "Baby Diapers",
                    "level": 4,
                    "parent_id": 41855,
                    "url_key": "baby-diapers",
                    "url_path": "campaign/promotion-baby-diaper-subscription-package-1-nov-31-dec-21/baby-diapers"
                },
                {
                    "category_id": 42304,
                    "name": "Promotion Mom and Kids Mega Sale On 20-26 Oct 21",
                    "level": 3,
                    "parent_id": 3358,
                    "url_key": "promotion-mom-and-kids-mega-sale-on-20-26-oct-21",
                    "url_path": "campaign/promotion-mom-and-kids-mega-sale-on-20-26-oct-21"
                },
                {
                    "category_id": 42312,
                    "name": "Baby Diapers",
                    "level": 4,
                    "parent_id": 42304,
                    "url_key": "baby-diapers",
                    "url_path": "campaign/promotion-mom-and-kids-mega-sale-on-20-26-oct-21/baby-diapers"
                },
                {
                    "category_id": 42315,
                    "name": "The 1 - Promotion Mom and Kids Mega Sale On 20-26 Oct 21",
                    "level": 3,
                    "parent_id": 3358,
                    "url_key": "the-1-promotion-mom-and-kids-mega-sale-on-20-26-oct-21",
                    "url_path": "campaign/the-1-promotion-mom-and-kids-mega-sale-on-20-26-oct-21"
                },
                {
                    "category_id": 42323,
                    "name": "Baby Diapers",
                    "level": 4,
                    "parent_id": 42315,
                    "url_key": "baby-diapers",
                    "url_path": "campaign/the-1-promotion-mom-and-kids-mega-sale-on-20-26-oct-21/baby-diapers"
                },
                {
                    "category_id": 42326,
                    "name": "TAP - Promotion Mom and Kids Mega Sale On 20-31 Oct 21",
                    "level": 3,
                    "parent_id": 3358,
                    "url_key": "tap-promotion-mom-and-kids-mega-sale-on-20-31-oct-21",
                    "url_path": "campaign/tap-promotion-mom-and-kids-mega-sale-on-20-31-oct-21"
                },
                {
                    "category_id": 42334,
                    "name": "Baby Diapers",
                    "level": 4,
                    "parent_id": 42326,
                    "url_key": "baby-diapers",
                    "url_path": "campaign/tap-promotion-mom-and-kids-mega-sale-on-20-31-oct-21/baby-diapers"
                },
                {
                    "category_id": 42337,
                    "name": "EDM - Promotion Mom and Kids Mega Sale (Merries) On 20-31 Oct 21",
                    "level": 3,
                    "parent_id": 3358,
                    "url_key": "edm-promotion-mom-and-kids-mega-sale-merries-on-20-31-oct-21",
                    "url_path": "campaign/edm-promotion-mom-and-kids-mega-sale-merries-on-20-31-oct-21"
                },
                {
                    "category_id": 42338,
                    "name": "Baby Diapers",
                    "level": 4,
                    "parent_id": 42337,
                    "url_key": "baby-diapers",
                    "url_path": "campaign/edm-promotion-mom-and-kids-mega-sale-merries-on-20-31-oct-21/baby-diapers"
                },
                {
                    "category_id": 42493,
                    "name": "Promotion Mom and Kids Free Bear Brand On 20 Oct - 2 Nov 21",
                    "level": 3,
                    "parent_id": 3358,
                    "url_key": "promotion-mom-and-kids-free-bear-brand-on-20-oct-2-nov-21",
                    "url_path": "campaign/promotion-mom-and-kids-free-bear-brand-on-20-oct-2-nov-21"
                },
                {
                    "category_id": 42496,
                    "name": "Baby Diapers",
                    "level": 4,
                    "parent_id": 42493,
                    "url_key": "baby-diapers",
                    "url_path": "campaign/promotion-mom-and-kids-free-bear-brand-on-20-oct-2-nov-21/baby-diapers"
                },
                {
                    "category_id": 43445,
                    "name": "Promotion Baby Diaper Free Celelac 3-30 Nov 21",
                    "level": 3,
                    "parent_id": 3358,
                    "url_key": "promotion-baby-diaper-free-celelac-3-30-nov-21",
                    "url_path": "campaign/promotion-baby-diaper-free-celelac-3-30-nov-21"
                },
                {
                    "category_id": 43446,
                    "name": "Baby Diapers",
                    "level": 4,
                    "parent_id": 43445,
                    "url_key": "baby-diapers",
                    "url_path": "campaign/promotion-baby-diaper-free-celelac-3-30-nov-21/baby-diapers"
                },
                {
                    "category_id": 43545,
                    "name": "Promotion Mom and Kids Winter On 3 Nov 21 - 11 Jan 22",
                    "level": 3,
                    "parent_id": 3358,
                    "url_key": "promotion-mom-and-kids-winter-on-3-nov-21-11-jan-22",
                    "url_path": "campaign/promotion-mom-and-kids-winter-on-3-nov-21-11-jan-22"
                },
                {
                    "category_id": 43554,
                    "name": "Baby Diapers",
                    "level": 4,
                    "parent_id": 43545,
                    "url_key": "baby-diapers",
                    "url_path": "campaign/promotion-mom-and-kids-winter-on-3-nov-21-11-jan-22/baby-diapers"
                },
                {
                    "category_id": 43790,
                    "name": "Promotion Crazy Price 11.11.2021 1pm",
                    "level": 3,
                    "parent_id": 3358,
                    "url_key": "promotion-crazy-price-11-11-2021-1pm",
                    "url_path": "campaign/promotion-crazy-price-11-11-2021-1pm"
                },
                {
                    "category_id": 43799,
                    "name": "Mom &amp; Kids",
                    "level": 4,
                    "parent_id": 43790,
                    "url_key": "mom-kids",
                    "url_path": "campaign/promotion-crazy-price-11-11-2021-1pm/mom-kids"
                },
                {
                    "category_id": 43801,
                    "name": "Promotion Crazy Price 11.11.2021 9am",
                    "level": 3,
                    "parent_id": 3358,
                    "url_key": "promotion-crazy-price-11-11-2021-9am",
                    "url_path": "campaign/promotion-crazy-price-11-11-2021-9am"
                },
                {
                    "category_id": 43811,
                    "name": "Mom &amp; Kids",
                    "level": 4,
                    "parent_id": 43801,
                    "url_key": "mom-kids",
                    "url_path": "campaign/promotion-crazy-price-11-11-2021-9am/mom-kids"
                },
                {
                    "category_id": 43812,
                    "name": "Promotion Crazy Price 11.11.2021 4pm",
                    "level": 3,
                    "parent_id": 3358,
                    "url_key": "promotion-crazy-price-11-11-2021-4pm",
                    "url_path": "campaign/promotion-crazy-price-11-11-2021-4pm"
                },
                {
                    "category_id": 43822,
                    "name": "Mom &amp; Kids",
                    "level": 4,
                    "parent_id": 43812,
                    "url_key": "mom-kids",
                    "url_path": "campaign/promotion-crazy-price-11-11-2021-4pm/mom-kids"
                },
                {
                    "category_id": 44752,
                    "name": "The1 - Merries Brand Deal On 1-14 Dec 21",
                    "level": 3,
                    "parent_id": 3358,
                    "url_key": "the1-merries-brand-deal-on-1-14-dec-21",
                    "url_path": "campaign/the1-merries-brand-deal-on-1-14-dec-21"
                },
                {
                    "category_id": 44753,
                    "name": "Baby Diapers",
                    "level": 4,
                    "parent_id": 44752,
                    "url_key": "baby-diapers",
                    "url_path": "campaign/the1-merries-brand-deal-on-1-14-dec-21/baby-diapers"
                },
                {
                    "category_id": 44890,
                    "name": "Promotion Best Deal On 1-7 Dec 2021",
                    "level": 3,
                    "parent_id": 3360,
                    "url_key": "promotion-best-deal-on-1-7-dec-2021",
                    "url_path": "best-deal/promotion-best-deal-on-1-7-dec-2021"
                },
                {
                    "category_id": 44895,
                    "name": "Mom &amp; Kids",
                    "level": 4,
                    "parent_id": 44890,
                    "url_key": "mom-kids",
                    "url_path": "best-deal/promotion-best-deal-on-1-7-dec-2021/mom-kids"
                },
                {
                    "category_id": 44907,
                    "name": "Promotion Merries Top Spender 1-28 Dec 21",
                    "level": 3,
                    "parent_id": 3358,
                    "url_key": "promotion-merries-top-spender-1-28-dec-21",
                    "url_path": "campaign/promotion-merries-top-spender-1-28-dec-21"
                },
                {
                    "category_id": 44908,
                    "name": "Baby Diapers Pants",
                    "level": 4,
                    "parent_id": 44907,
                    "url_key": "baby-diapers-pants",
                    "url_path": "campaign/promotion-merries-top-spender-1-28-dec-21/baby-diapers-pants"
                },
                {
                    "category_id": 45108,
                    "name": "Promotion Mom and Baby Get Leaf Fruit Bar 1-14 Dec 21",
                    "level": 3,
                    "parent_id": 3358,
                    "url_key": "promotion-mom-and-baby-get-leaf-fruit-bar-1-14-dec-21",
                    "url_path": "campaign/promotion-mom-and-baby-get-leaf-fruit-bar-1-14-dec-21"
                },
                {
                    "category_id": 45122,
                    "name": "Baby Diapers Pants",
                    "level": 4,
                    "parent_id": 45108,
                    "url_key": "baby-diapers-pants",
                    "url_path": "campaign/promotion-mom-and-baby-get-leaf-fruit-bar-1-14-dec-21/baby-diapers-pants"
                },
                {
                    "category_id": 50125,
                    "name": "Promotion Crazy Price 12.12.2021 1pm",
                    "level": 3,
                    "parent_id": 3358,
                    "url_key": "promotion-crazy-price-12-12-2021-1pm",
                    "url_path": "campaign/promotion-crazy-price-12-12-2021-1pm"
                },
                {
                    "category_id": 50134,
                    "name": "Mom &amp; Kids",
                    "level": 4,
                    "parent_id": 50125,
                    "url_key": "mom-kids",
                    "url_path": "campaign/promotion-crazy-price-12-12-2021-1pm/mom-kids"
                },
                {
                    "category_id": 50136,
                    "name": "Promotion Crazy Price 12.12.2021 9am",
                    "level": 3,
                    "parent_id": 3358,
                    "url_key": "promotion-crazy-price-12-12-2021-9am",
                    "url_path": "campaign/promotion-crazy-price-12-12-2021-9am"
                },
                {
                    "category_id": 50145,
                    "name": "Mom &amp; Kids",
                    "level": 4,
                    "parent_id": 50136,
                    "url_key": "mom-kids",
                    "url_path": "campaign/promotion-crazy-price-12-12-2021-9am/mom-kids"
                },
                {
                    "category_id": 50147,
                    "name": "Promotion Crazy Price 12.12.2021 4pm",
                    "level": 3,
                    "parent_id": 3358,
                    "url_key": "promotion-crazy-price-12-12-2021-4pm",
                    "url_path": "campaign/promotion-crazy-price-12-12-2021-4pm"
                },
                {
                    "category_id": 50156,
                    "name": "Mom &amp; Kids",
                    "level": 4,
                    "parent_id": 50147,
                    "url_key": "mom-kids",
                    "url_path": "campaign/promotion-crazy-price-12-12-2021-4pm/mom-kids"
                },
                {
                    "category_id": 50732,
                    "name": "Promotion Best Deal On 22-28 Dec 2021",
                    "level": 3,
                    "parent_id": 3360,
                    "url_key": "promotion-best-deal-on-22-28-dec-2021",
                    "url_path": "best-deal/promotion-best-deal-on-22-28-dec-2021"
                },
                {
                    "category_id": 50739,
                    "name": "Mom &amp; Kids",
                    "level": 4,
                    "parent_id": 50732,
                    "url_key": "mom-kids",
                    "url_path": "best-deal/promotion-best-deal-on-22-28-dec-2021/mom-kids"
                },
                {
                    "category_id": 51141,
                    "name": "Promotion Baby&amp;Me 5-11 Jan 2022",
                    "level": 3,
                    "parent_id": 3358,
                    "url_key": "promotion-babyme-5-11-jan-2022",
                    "url_path": "campaign/promotion-babyme-5-11-jan-2022"
                },
                {
                    "category_id": 51152,
                    "name": "Baby Diapers",
                    "level": 4,
                    "parent_id": 51141,
                    "url_key": "baby-diapers",
                    "url_path": "campaign/promotion-babyme-5-11-jan-2022/baby-diapers"
                },
                {
                    "category_id": 51633,
                    "name": "Promotion Mom&amp;kids free delivery 19 Jan - 19 Feb 22",
                    "level": 3,
                    "parent_id": 3358,
                    "url_key": "promotion-momkids-free-delivery-19-jan-19-feb-22",
                    "url_path": "campaign/promotion-momkids-free-delivery-19-jan-19-feb-22"
                },
                {
                    "category_id": 51635,
                    "name": "Baby Diapers Pants",
                    "level": 4,
                    "parent_id": 51633,
                    "url_key": "baby-diapers-pants",
                    "url_path": "campaign/promotion-momkids-free-delivery-19-jan-19-feb-22/baby-diapers-pants"
                },
                {
                    "category_id": 51781,
                    "name": "Diapers",
                    "level": 3,
                    "parent_id": 51755,
                    "url_key": "diapers",
                    "url_path": "kao-brand-day-jan-2022/diapers"
                },
                {
                    "category_id": 51782,
                    "name": "Baby Diapers Pants",
                    "level": 4,
                    "parent_id": 51781,
                    "url_key": "baby-diapers-pants",
                    "url_path": "kao-brand-day-jan-2022/diapers/baby-diapers-pants"
                },
                {
                    "category_id": 52589,
                    "name": "Promotion The1 baby diaper get discount 16-26 feb 22",
                    "level": 3,
                    "parent_id": 3358,
                    "url_key": "promotion-the1-baby-diaper-get-discount-16-26-feb-22",
                    "url_path": "campaign/promotion-the1-baby-diaper-get-discount-16-26-feb-22"
                },
                {
                    "category_id": 52591,
                    "name": "Baby Diapers Pants",
                    "level": 4,
                    "parent_id": 52589,
                    "url_key": "baby-diapers-pants",
                    "url_path": "campaign/promotion-the1-baby-diaper-get-discount-16-26-feb-22/baby-diapers-pants"
                }
            ],
            "small_image": "/4/9/4901301259691_04-01-2022_1.jpg",
            "image": "/4/9/4901301259691_04-01-2022_1.jpg",
            "thumbnail": "/4/9/4901301259691_04-01-2022_1.jpg",
            "visibility": 4,
            "price": 769,
            "price_discount": 13,
            "price_saving": 100,
            "special_price": 669,
            "special_from_date": "2022-02-16 00:00:00",
            "special_to_date": "2022-03-01 23:59:59",
            "promotion_no": [
                "2300003723"
            ],
            "promotion_type": [
                "B1GV"
            ],
            "promotion_start": "2022-02-15 17:00:00",
            "promotion_end": "2022-03-01 17:00:00",
            "extension_attributes": {
                "stock_item": {
                    "qty": 9,
                    "max_sale_qty": 24,
                    "is_in_stock": true,
                    "min_qty": 0,
                    "min_sale_qty": 1
                },
                "promotion": {
                    "promotion_no": "2300003723",
                    "type": "B1GV",
                    "amount": 20,
                    "start_date_unix": 1644944400,
                    "start_date": "2022-02-15 17:00:00",
                    "end_date_unix": 1646154000,
                    "end_date": "2022-03-01 17:00:00"
                },
                "gtm_data": {
                    "brand_en": "MERRIES",
                    "product_name_en": "Merries Baby Diaper Pants Size M 74pcs.",
                    "category_en": "2607&gt;Baby Diapers Pants",
                    "category_id_level_two": null
                }
            },
            "is_seasonal": "0",
            "custom_attributes_option": [
                {
                    "attribute_code": "consumer_unit",
                    "value": "pack",
                    "position": 0
                },
                {
                    "attribute_code": "weight_item_ind",
                    "value": "0",
                    "position": 0
                },
                {
                    "attribute_code": "item_remark",
                    "value": "Cut and Cooking Method Remark",
                    "position": 0
                },
                {
                    "attribute_code": "is_seasonal",
                    "value": "0",
                    "position": 0
                },
                {
                    "attribute_code": "package_uom",
                    "value": "PPCS",
                    "position": 0
                },
                {
                    "attribute_code": "campaign_name",
                    "value": "none",
                    "position": 0
                },
                {
                    "attribute_code": "local_import",
                    "value": "Import",
                    "position": 0
                },
                {
                    "attribute_code": "promotion_end",
                    "value": "2022-03-01 17:00:00",
                    "position": 0
                },
                {
                    "attribute_code": "small_image",
                    "value": "/4/9/4901301259691_04-01-2022_1.jpg",
                    "position": 0
                },
                {
                    "attribute_code": "image",
                    "value": "/4/9/4901301259691_04-01-2022_1.jpg",
                    "position": 0
                },
                {
                    "attribute_code": "thumbnail",
                    "value": "/4/9/4901301259691_04-01-2022_1.jpg",
                    "position": 0
                },
                {
                    "attribute_code": "special_price",
                    "value": 669,
                    "position": 0
                },
                {
                    "attribute_code": "special_from_date",
                    "value": "2022-02-16 00:00:00",
                    "position": 0
                },
                {
                    "attribute_code": "special_to_date",
                    "value": "2022-03-01 23:59:59",
                    "position": 0
                }
            ],
            "custom_attributes": [
                {
                    "attribute_code": "consumer_unit",
                    "name": "consumer_unit",
                    "value": "pack",
                    "label": "Consumer Unit"
                },
                {
                    "attribute_code": "weight_item_ind",
                    "name": "weight_item_ind",
                    "value": "0",
                    "label": "Weight Item Ind"
                },
                {
                    "attribute_code": "item_remark",
                    "name": "item_remark",
                    "value": "Cut and Cooking Method Remark",
                    "label": "Item Remark"
                },
                {
                    "attribute_code": "is_seasonal",
                    "name": "is_seasonal",
                    "value": "0",
                    "label": "Is Seasonal"
                },
                {
                    "attribute_code": "package_uom",
                    "name": "package_uom",
                    "value": "PPCS",
                    "label": "Package Uom"
                },
                {
                    "attribute_code": "campaign_name",
                    "name": "campaign_name",
                    "value": "none",
                    "label": "Campaign Name"
                },
                {
                    "attribute_code": "local_import",
                    "name": "local_import",
                    "value": "Import",
                    "label": "Local Import"
                },
                {
                    "attribute_code": "promotion_end",
                    "name": "promotion_end",
                    "value": "2022-03-01 17:00:00",
                    "label": "Promotion End"
                },
                {
                    "attribute_code": "small_image",
                    "name": "small_image",
                    "value": "/4/9/4901301259691_04-01-2022_1.jpg",
                    "label": "Small Image"
                },
                {
                    "attribute_code": "image",
                    "name": "image",
                    "value": "/4/9/4901301259691_04-01-2022_1.jpg",
                    "label": "Image"
                },
                {
                    "attribute_code": "thumbnail",
                    "name": "thumbnail",
                    "value": "/4/9/4901301259691_04-01-2022_1.jpg",
                    "label": "Thumbnail"
                },
                {
                    "attribute_code": "special_price",
                    "name": "special_price",
                    "value": 669,
                    "label": "Special Price"
                },
                {
                    "attribute_code": "special_from_date",
                    "name": "special_from_date",
                    "value": "2022-02-16 00:00:00",
                    "label": "Special From Date"
                },
                {
                    "attribute_code": "special_to_date",
                    "name": "special_to_date",
                    "value": "2022-03-01 23:59:59",
                    "label": "Special To Date"
                }
            ],
            "objectID": "87104-tops_sa_432_en",
            "algoliaLastUpdateAtCET": "2022-02-16 04:45:46",
            "status": 1,
            "algoliaData": {
                "objectID": "87104-tops_sa_432_en",
                "queryID": "88747c3ca8189861edb14e45b7b5a9e0",
                "indexName": "tops_prod_default_products",
                "query": "4901301259691",
                "position": 1,
                "offset_position": 1,
                "searchPlp": true
            }
        }
    ],
    "filters": [
        {
            "attribute_code": "category_id",
            "name": "Categories",
            "position": 0,
            "quickFilter": true,
            "items": [
                {
                    "item_count": 1,
                    "label": "Baby Diapers Pants",
                    "value": 2607,
                    "custom_attributes": {
                        "level": 4,
                        "id": 2607,
                        "entity_id": "2607",
                        "parent_id": 2606,
                        "position": 1,
                        "url_key": "baby-diapers-pants",
                        "url_path": "mom-and-kids/baby-diapers/baby-diapers-pants",
                        "children": "",
                        "icon_square": "Baby-Diapers-Pant.png",
                        "is_active": true,
                        "name": "Baby Diapers Pants",
                        "extension_attributes": {
                            "product_count": 1
                        },
                        "product_count": 1,
                        "store_code": "tops_sa_432_en"
                    }
                },
                {
                    "item_count": 1,
                    "label": "Baby Diapers Pants",
                    "value": 15273,
                    "custom_attributes": {
                        "level": 4,
                        "id": 15273,
                        "entity_id": "15273",
                        "parent_id": 15271,
                        "position": 2,
                        "url_key": "baby-diapers-pants",
                        "url_path": "shop-by-brands/merries/baby-diapers-pants",
                        "children": "",
                        "icon_square": "4901301230676_ic.png",
                        "is_active": true,
                        "name": "Baby Diapers Pants",
                        "extension_attributes": {
                            "product_count": 1
                        },
                        "product_count": 1,
                        "store_code": "tops_sa_432_en"
                    }
                },
                {
                    "item_count": 1,
                    "label": "Baby Diapers Pants",
                    "value": 23546,
                    "custom_attributes": {
                        "level": 4,
                        "id": 23546,
                        "entity_id": "23546",
                        "parent_id": 23545,
                        "position": 1,
                        "url_key": "baby-diapers-pants",
                        "url_path": "shop-by-brands/merries-pants/baby-diapers-pants",
                        "children": "",
                        "icon_square": "",
                        "is_active": true,
                        "name": "Baby Diapers Pants",
                        "extension_attributes": {
                            "product_count": 1
                        },
                        "product_count": 1,
                        "store_code": "tops_sa_432_en"
                    }
                },
                {
                    "item_count": 1,
                    "label": "Baby Diapers",
                    "value": 39362,
                    "custom_attributes": {
                        "level": 4,
                        "id": 39362,
                        "entity_id": "39362",
                        "parent_id": 39358,
                        "position": 1,
                        "url_key": "baby-diapers",
                        "url_path": "shop-by-brands/baby-me/baby-diapers",
                        "children": "",
                        "icon_square": "8851111449019_2.png",
                        "is_active": true,
                        "name": "Baby Diapers",
                        "extension_attributes": {
                            "product_count": 1
                        },
                        "product_count": 1,
                        "store_code": "tops_sa_432_en"
                    }
                },
                {
                    "item_count": 1,
                    "label": "Baby Diapers",
                    "value": 39384,
                    "custom_attributes": {
                        "level": 4,
                        "id": 39384,
                        "entity_id": "39384",
                        "parent_id": 39383,
                        "position": 1,
                        "url_key": "baby-diapers",
                        "url_path": "shop-by-brands/baby-me-big-pack/baby-diapers",
                        "children": "",
                        "icon_square": "",
                        "is_active": true,
                        "name": "Baby Diapers",
                        "extension_attributes": {
                            "product_count": 1
                        },
                        "product_count": 1,
                        "store_code": "tops_sa_432_en"
                    }
                },
                {
                    "item_count": 1,
                    "label": "Diaper",
                    "value": 39633,
                    "custom_attributes": {
                        "level": 4,
                        "id": 39633,
                        "entity_id": "39633",
                        "parent_id": 39616,
                        "position": 1,
                        "url_key": "diaper",
                        "url_path": "mom-and-kids/toddler-1-3year/diaper",
                        "children": "",
                        "icon_square": "Toddler_1-3year_Diaper-ic.png",
                        "is_active": true,
                        "name": "Diaper",
                        "extension_attributes": {
                            "product_count": 1
                        },
                        "product_count": 1,
                        "store_code": "tops_sa_432_en"
                    }
                },
                {
                    "item_count": 1,
                    "label": "Baby Diapers",
                    "value": 39875,
                    "custom_attributes": {
                        "level": 4,
                        "id": 39875,
                        "entity_id": "39875",
                        "parent_id": 39874,
                        "position": 1,
                        "url_key": "baby-diapers",
                        "url_path": "corporate/1-baht-1-point-1-8-21-sep-21/baby-diapers",
                        "children": "",
                        "icon_square": "",
                        "is_active": true,
                        "name": "Baby Diapers",
                        "extension_attributes": {
                            "product_count": 1
                        },
                        "product_count": 1,
                        "store_code": "tops_sa_432_en"
                    }
                },
                {
                    "item_count": 1,
                    "label": "Baby Diapers",
                    "value": 40302,
                    "custom_attributes": {
                        "level": 4,
                        "id": 40302,
                        "entity_id": "40302",
                        "parent_id": 40289,
                        "position": 13,
                        "url_key": "baby-diapers",
                        "url_path": "campaign/promotion-nestle-x-merries-get-discount-on-22-sep-5-oct-21/baby-diapers",
                        "children": "",
                        "icon_square": "4901301230843_e5-3-2020_3.png",
                        "is_active": true,
                        "name": "Baby Diapers",
                        "extension_attributes": {
                            "product_count": 1
                        },
                        "product_count": 1,
                        "store_code": "tops_sa_432_en"
                    }
                },
                {
                    "item_count": 1,
                    "label": "Baby Diapers",
                    "value": 41324,
                    "custom_attributes": {
                        "level": 4,
                        "id": 41324,
                        "entity_id": "41324",
                        "parent_id": 41323,
                        "position": 1,
                        "url_key": "baby-diapers",
                        "url_path": "shop-by-brands/merries-baby-diaper-pants/baby-diapers",
                        "children": "",
                        "icon_square": "",
                        "is_active": true,
                        "name": "Baby Diapers",
                        "extension_attributes": {
                            "product_count": 1
                        },
                        "product_count": 1,
                        "store_code": "tops_sa_432_en"
                    }
                },
                {
                    "item_count": 1,
                    "label": "Baby Diapers",
                    "value": 41616,
                    "custom_attributes": {
                        "level": 4,
                        "id": 41616,
                        "entity_id": "41616",
                        "parent_id": 41615,
                        "position": 1,
                        "url_key": "baby-diapers",
                        "url_path": "campaign/promotion-merries-4000-get-1200-discount-6-19-oct-21/baby-diapers",
                        "children": "",
                        "icon_square": "4901301230843_e5-3-2020_4.png",
                        "is_active": true,
                        "name": "Baby Diapers",
                        "extension_attributes": {
                            "product_count": 1
                        },
                        "product_count": 1,
                        "store_code": "tops_sa_432_en"
                    }
                },
                {
                    "item_count": 1,
                    "label": "Baby Diapers",
                    "value": 41856,
                    "custom_attributes": {
                        "level": 4,
                        "id": 41856,
                        "entity_id": "41856",
                        "parent_id": 41855,
                        "position": 1,
                        "url_key": "baby-diapers",
                        "url_path": "campaign/promotion-baby-diaper-subscription-package-1-nov-31-dec-21/baby-diapers",
                        "children": "",
                        "icon_square": "",
                        "is_active": true,
                        "name": "Baby Diapers",
                        "extension_attributes": {
                            "product_count": 1
                        },
                        "product_count": 1,
                        "store_code": "tops_sa_432_en"
                    }
                },
                {
                    "item_count": 1,
                    "label": "Baby Diapers",
                    "value": 42312,
                    "custom_attributes": {
                        "level": 4,
                        "id": 42312,
                        "entity_id": "42312",
                        "parent_id": 42304,
                        "position": 8,
                        "url_key": "baby-diapers",
                        "url_path": "campaign/promotion-mom-and-kids-mega-sale-on-20-26-oct-21/baby-diapers",
                        "children": "",
                        "icon_square": "",
                        "is_active": true,
                        "name": "Baby Diapers",
                        "extension_attributes": {
                            "product_count": 1
                        },
                        "product_count": 1,
                        "store_code": "tops_sa_432_en"
                    }
                },
                {
                    "item_count": 1,
                    "label": "Baby Diapers",
                    "value": 42323,
                    "custom_attributes": {
                        "level": 4,
                        "id": 42323,
                        "entity_id": "42323",
                        "parent_id": 42315,
                        "position": 8,
                        "url_key": "baby-diapers",
                        "url_path": "campaign/the-1-promotion-mom-and-kids-mega-sale-on-20-26-oct-21/baby-diapers",
                        "children": "",
                        "icon_square": "",
                        "is_active": true,
                        "name": "Baby Diapers",
                        "extension_attributes": {
                            "product_count": 1
                        },
                        "product_count": 1,
                        "store_code": "tops_sa_432_en"
                    }
                },
                {
                    "item_count": 1,
                    "label": "Baby Diapers",
                    "value": 42334,
                    "custom_attributes": {
                        "level": 4,
                        "id": 42334,
                        "entity_id": "42334",
                        "parent_id": 42326,
                        "position": 8,
                        "url_key": "baby-diapers",
                        "url_path": "campaign/tap-promotion-mom-and-kids-mega-sale-on-20-31-oct-21/baby-diapers",
                        "children": "",
                        "icon_square": "",
                        "is_active": true,
                        "name": "Baby Diapers",
                        "extension_attributes": {
                            "product_count": 1
                        },
                        "product_count": 1,
                        "store_code": "tops_sa_432_en"
                    }
                },
                {
                    "item_count": 1,
                    "label": "Baby Diapers",
                    "value": 42338,
                    "custom_attributes": {
                        "level": 4,
                        "id": 42338,
                        "entity_id": "42338",
                        "parent_id": 42337,
                        "position": 1,
                        "url_key": "baby-diapers",
                        "url_path": "campaign/edm-promotion-mom-and-kids-mega-sale-merries-on-20-31-oct-21/baby-diapers",
                        "children": "",
                        "icon_square": "",
                        "is_active": true,
                        "name": "Baby Diapers",
                        "extension_attributes": {
                            "product_count": 1
                        },
                        "product_count": 1,
                        "store_code": "tops_sa_432_en"
                    }
                },
                {
                    "item_count": 1,
                    "label": "Baby Diapers",
                    "value": 42496,
                    "custom_attributes": {
                        "level": 4,
                        "id": 42496,
                        "entity_id": "42496",
                        "parent_id": 42493,
                        "position": 3,
                        "url_key": "baby-diapers",
                        "url_path": "campaign/promotion-mom-and-kids-free-bear-brand-on-20-oct-2-nov-21/baby-diapers",
                        "children": "",
                        "icon_square": "",
                        "is_active": true,
                        "name": "Baby Diapers",
                        "extension_attributes": {
                            "product_count": 1
                        },
                        "product_count": 1,
                        "store_code": "tops_sa_432_en"
                    }
                },
                {
                    "item_count": 1,
                    "label": "Baby Diapers",
                    "value": 43446,
                    "custom_attributes": {
                        "level": 4,
                        "id": 43446,
                        "entity_id": "43446",
                        "parent_id": 43445,
                        "position": 1,
                        "url_key": "baby-diapers",
                        "url_path": "campaign/promotion-baby-diaper-free-celelac-3-30-nov-21/baby-diapers",
                        "children": "",
                        "icon_square": "",
                        "is_active": true,
                        "name": "Baby Diapers",
                        "extension_attributes": {
                            "product_count": 1
                        },
                        "product_count": 1,
                        "store_code": "tops_sa_432_en"
                    }
                },
                {
                    "item_count": 1,
                    "label": "Baby Diapers",
                    "value": 43554,
                    "custom_attributes": {
                        "level": 4,
                        "id": 43554,
                        "entity_id": "43554",
                        "parent_id": 43545,
                        "position": 9,
                        "url_key": "baby-diapers",
                        "url_path": "campaign/promotion-mom-and-kids-winter-on-3-nov-21-11-jan-22/baby-diapers",
                        "children": "",
                        "icon_square": "",
                        "is_active": true,
                        "name": "Baby Diapers",
                        "extension_attributes": {
                            "product_count": 1
                        },
                        "product_count": 1,
                        "store_code": "tops_sa_432_en"
                    }
                },
                {
                    "item_count": 1,
                    "label": "Mom &amp; Kids",
                    "value": 43799,
                    "custom_attributes": {
                        "level": 4,
                        "id": 43799,
                        "entity_id": "43799",
                        "parent_id": 43790,
                        "position": 9,
                        "url_key": "mom-kids",
                        "url_path": "campaign/promotion-crazy-price-11-11-2021-1pm/mom-kids",
                        "children": "",
                        "icon_square": "",
                        "is_active": true,
                        "name": "Mom &amp; Kids",
                        "extension_attributes": {
                            "product_count": 1
                        },
                        "product_count": 1,
                        "store_code": "tops_sa_432_en"
                    }
                },
                {
                    "item_count": 1,
                    "label": "Mom &amp; Kids",
                    "value": 43811,
                    "custom_attributes": {
                        "level": 4,
                        "id": 43811,
                        "entity_id": "43811",
                        "parent_id": 43801,
                        "position": 10,
                        "url_key": "mom-kids",
                        "url_path": "campaign/promotion-crazy-price-11-11-2021-9am/mom-kids",
                        "children": "",
                        "icon_square": "",
                        "is_active": true,
                        "name": "Mom &amp; Kids",
                        "extension_attributes": {
                            "product_count": 1
                        },
                        "product_count": 1,
                        "store_code": "tops_sa_432_en"
                    }
                },
                {
                    "item_count": 1,
                    "label": "Mom &amp; Kids",
                    "value": 43822,
                    "custom_attributes": {
                        "level": 4,
                        "id": 43822,
                        "entity_id": "43822",
                        "parent_id": 43812,
                        "position": 10,
                        "url_key": "mom-kids",
                        "url_path": "campaign/promotion-crazy-price-11-11-2021-4pm/mom-kids",
                        "children": "",
                        "icon_square": "",
                        "is_active": true,
                        "name": "Mom &amp; Kids",
                        "extension_attributes": {
                            "product_count": 1
                        },
                        "product_count": 1,
                        "store_code": "tops_sa_432_en"
                    }
                },
                {
                    "item_count": 1,
                    "label": "Baby Diapers",
                    "value": 44753,
                    "custom_attributes": {
                        "level": 4,
                        "id": 44753,
                        "entity_id": "44753",
                        "parent_id": 44752,
                        "position": 1,
                        "url_key": "baby-diapers",
                        "url_path": "campaign/the1-merries-brand-deal-on-1-14-dec-21/baby-diapers",
                        "children": "",
                        "icon_square": "",
                        "is_active": true,
                        "name": "Baby Diapers",
                        "extension_attributes": {
                            "product_count": 1
                        },
                        "product_count": 1,
                        "store_code": "tops_sa_432_en"
                    }
                },
                {
                    "item_count": 1,
                    "label": "Mom &amp; Kids",
                    "value": 44895,
                    "custom_attributes": {
                        "level": 4,
                        "id": 44895,
                        "entity_id": "44895",
                        "parent_id": 44890,
                        "position": 5,
                        "url_key": "mom-kids",
                        "url_path": "best-deal/promotion-best-deal-on-1-7-dec-2021/mom-kids",
                        "children": "",
                        "icon_square": "4901301259738_e22-09-2020.png",
                        "is_active": true,
                        "name": "Mom &amp; Kids",
                        "extension_attributes": {
                            "product_count": 1
                        },
                        "product_count": 1,
                        "store_code": "tops_sa_432_en"
                    }
                },
                {
                    "item_count": 1,
                    "label": "Baby Diapers Pants",
                    "value": 44908,
                    "custom_attributes": {
                        "level": 4,
                        "id": 44908,
                        "entity_id": "44908",
                        "parent_id": 44907,
                        "position": 1,
                        "url_key": "baby-diapers-pants",
                        "url_path": "campaign/promotion-merries-top-spender-1-28-dec-21/baby-diapers-pants",
                        "children": "",
                        "icon_square": "4901301259738_e22-09-2020_1.png",
                        "is_active": true,
                        "name": "Baby Diapers Pants",
                        "extension_attributes": {
                            "product_count": 1
                        },
                        "product_count": 1,
                        "store_code": "tops_sa_432_en"
                    }
                },
                {
                    "item_count": 1,
                    "label": "Baby Diapers Pants",
                    "value": 45122,
                    "custom_attributes": {
                        "level": 4,
                        "id": 45122,
                        "entity_id": "45122",
                        "parent_id": 45108,
                        "position": 14,
                        "url_key": "baby-diapers-pants",
                        "url_path": "campaign/promotion-mom-and-baby-get-leaf-fruit-bar-1-14-dec-21/baby-diapers-pants",
                        "children": "",
                        "icon_square": "",
                        "is_active": true,
                        "name": "Baby Diapers Pants",
                        "extension_attributes": {
                            "product_count": 1
                        },
                        "product_count": 1,
                        "store_code": "tops_sa_432_en"
                    }
                },
                {
                    "item_count": 1,
                    "label": "Mom &amp; Kids",
                    "value": 50134,
                    "custom_attributes": {
                        "level": 4,
                        "id": 50134,
                        "entity_id": "50134",
                        "parent_id": 50125,
                        "position": 9,
                        "url_key": "mom-kids",
                        "url_path": "campaign/promotion-crazy-price-12-12-2021-1pm/mom-kids",
                        "children": "",
                        "icon_square": "",
                        "is_active": true,
                        "name": "Mom &amp; Kids",
                        "extension_attributes": {
                            "product_count": 1
                        },
                        "product_count": 1,
                        "store_code": "tops_sa_432_en"
                    }
                },
                {
                    "item_count": 1,
                    "label": "Mom &amp; Kids",
                    "value": 50145,
                    "custom_attributes": {
                        "level": 4,
                        "id": 50145,
                        "entity_id": "50145",
                        "parent_id": 50136,
                        "position": 9,
                        "url_key": "mom-kids",
                        "url_path": "campaign/promotion-crazy-price-12-12-2021-9am/mom-kids",
                        "children": "",
                        "icon_square": "",
                        "is_active": true,
                        "name": "Mom &amp; Kids",
                        "extension_attributes": {
                            "product_count": 1
                        },
                        "product_count": 1,
                        "store_code": "tops_sa_432_en"
                    }
                },
                {
                    "item_count": 1,
                    "label": "Mom &amp; Kids",
                    "value": 50156,
                    "custom_attributes": {
                        "level": 4,
                        "id": 50156,
                        "entity_id": "50156",
                        "parent_id": 50147,
                        "position": 9,
                        "url_key": "mom-kids",
                        "url_path": "campaign/promotion-crazy-price-12-12-2021-4pm/mom-kids",
                        "children": "",
                        "icon_square": "",
                        "is_active": true,
                        "name": "Mom &amp; Kids",
                        "extension_attributes": {
                            "product_count": 1
                        },
                        "product_count": 1,
                        "store_code": "tops_sa_432_en"
                    }
                },
                {
                    "item_count": 1,
                    "label": "Mom &amp; Kids",
                    "value": 50739,
                    "custom_attributes": {
                        "level": 4,
                        "id": 50739,
                        "entity_id": "50739",
                        "parent_id": 50732,
                        "position": 7,
                        "url_key": "mom-kids",
                        "url_path": "best-deal/promotion-best-deal-on-22-28-dec-2021/mom-kids",
                        "children": "",
                        "icon_square": "4901301259721_15-12-2021.png",
                        "is_active": true,
                        "name": "Mom &amp; Kids",
                        "extension_attributes": {
                            "product_count": 1
                        },
                        "product_count": 1,
                        "store_code": "tops_sa_432_en"
                    }
                },
                {
                    "item_count": 1,
                    "label": "Baby Diapers",
                    "value": 51152,
                    "custom_attributes": {
                        "level": 4,
                        "id": 51152,
                        "entity_id": "51152",
                        "parent_id": 51141,
                        "position": 11,
                        "url_key": "baby-diapers",
                        "url_path": "campaign/promotion-babyme-5-11-jan-2022/baby-diapers",
                        "children": "",
                        "icon_square": "",
                        "is_active": true,
                        "name": "Baby Diapers",
                        "extension_attributes": {
                            "product_count": 1
                        },
                        "product_count": 1,
                        "store_code": "tops_sa_432_en"
                    }
                },
                {
                    "item_count": 1,
                    "label": "Baby Diapers Pants",
                    "value": 51635,
                    "custom_attributes": {
                        "level": 4,
                        "id": 51635,
                        "entity_id": "51635",
                        "parent_id": 51633,
                        "position": 2,
                        "url_key": "baby-diapers-pants",
                        "url_path": "campaign/promotion-momkids-free-delivery-19-jan-19-feb-22/baby-diapers-pants",
                        "children": "",
                        "icon_square": "8851111413416_1.png",
                        "is_active": true,
                        "name": "Baby Diapers Pants",
                        "extension_attributes": {
                            "product_count": 1
                        },
                        "product_count": 1,
                        "store_code": "tops_sa_432_en"
                    }
                },
                {
                    "item_count": 1,
                    "label": "Baby Diapers Pants",
                    "value": 51782,
                    "custom_attributes": {
                        "level": 4,
                        "id": 51782,
                        "entity_id": "51782",
                        "parent_id": 51781,
                        "position": 1,
                        "url_key": "baby-diapers-pants",
                        "url_path": "kao-brand-day-jan-2022/diapers/baby-diapers-pants",
                        "children": "",
                        "icon_square": "",
                        "is_active": true,
                        "name": "Baby Diapers Pants",
                        "extension_attributes": {
                            "product_count": 1
                        },
                        "product_count": 1,
                        "store_code": "tops_sa_432_en"
                    }
                },
                {
                    "item_count": 1,
                    "label": "Baby Diapers Pants",
                    "value": 52591,
                    "custom_attributes": {
                        "level": 4,
                        "id": 52591,
                        "entity_id": "52591",
                        "parent_id": 52589,
                        "position": 2,
                        "url_key": "baby-diapers-pants",
                        "url_path": "campaign/promotion-the1-baby-diaper-get-discount-16-26-feb-22/baby-diapers-pants",
                        "children": "",
                        "icon_square": "",
                        "is_active": true,
                        "name": "Baby Diapers Pants",
                        "extension_attributes": {
                            "product_count": 1
                        },
                        "product_count": 1,
                        "store_code": "tops_sa_432_en"
                    }
                },
                {
                    "item_count": 1,
                    "label": "Baby Diapers",
                    "value": 2606,
                    "custom_attributes": {
                        "level": 3,
                        "id": 2606,
                        "entity_id": "2606",
                        "parent_id": 2605,
                        "position": 5,
                        "url_key": "baby-diapers",
                        "url_path": "mom-and-kids/baby-diapers",
                        "children": "",
                        "icon_square": "Baby-Diapers.png",
                        "is_active": true,
                        "name": "Baby Diapers",
                        "extension_attributes": {
                            "product_count": 1
                        },
                        "product_count": 1,
                        "store_code": "tops_sa_432_en"
                    }
                },
                {
                    "item_count": 1,
                    "label": "Toddler (1-3year)",
                    "value": 39616,
                    "custom_attributes": {
                        "level": 3,
                        "id": 39616,
                        "entity_id": "39616",
                        "parent_id": 2605,
                        "position": 4,
                        "url_key": "toddler-1-3year",
                        "url_path": "mom-and-kids/toddler-1-3year",
                        "children": "",
                        "icon_square": "Toddler_1-3y_.png",
                        "is_active": true,
                        "name": "Toddler (1-3year)",
                        "extension_attributes": {
                            "product_count": 1
                        },
                        "product_count": 1,
                        "store_code": "tops_sa_432_en"
                    }
                },
                {
                    "item_count": 1,
                    "label": "Mom &amp; Kids",
                    "value": 2605,
                    "custom_attributes": {
                        "level": 2,
                        "id": 2605,
                        "entity_id": "2605",
                        "parent_id": 2,
                        "position": 86,
                        "url_key": "mom-and-kids",
                        "url_path": "mom-and-kids",
                        "children": "106,108,1599,1651,2021,2177,2211,2238,2322,2415,2456,2514,2536",
                        "icon_square": "Mom-_-Kids21a.png",
                        "is_active": true,
                        "name": "Mom &amp; Kids",
                        "extension_attributes": {
                            "product_count": 1
                        },
                        "product_count": 1,
                        "store_code": "tops_sa_432_en"
                    }
                }
            ],
            "attribute_code_algolia": "categoryIds"
        },
        {
            "attribute_code": "brand_name",
            "name": "Brand",
            "position": 1,
            "quickFilter": true,
            "items": [
                {
                    "item_count": 1,
                    "label": "MERRIES",
                    "value": "MERRIES"
                }
            ]
        },
        {
            "attribute_code": "promotion_type",
            "name": "Promotion",
            "position": 2,
            "quickFilter": true,
            "items": [
                {
                    "item_count": 1,
                    "label": "Buy 2 Save More",
                    "value": "B1GV"
                }
            ]
        },
        {
            "attribute_code": "country_of_product",
            "name": "Country",
            "position": 3,
            "quickFilter": true,
            "items": [
                {
                    "item_count": 1,
                    "label": "Japan",
                    "value": "Japan"
                }
            ]
        }
    ],
    "sorting": [
        {
            "code": "price_asc",
            "name": "Price Low to High"
        },
        {
            "code": "price_desc",
            "name": "Price High to Low"
        },
        {
            "code": "name_asc",
            "name": "Name A to Z"
        },
        {
            "code": "name_desc",
            "name": "Name Z to A"
        },
        {
            "code": "bestsellers",
            "name": "Bestsellers"
        },
        {
            "code": "newarrivals",
            "name": "Newarrivals"
        },
        {
            "code": "default",
            "name": "Most Popular",
            "selected": true
        }
    ],
    "page_size": 15,
    "current_page": 1,
    "max_page": 1,
    "tracking": {
        "queryID": "88747c3ca8189861edb14e45b7b5a9e0",
        "indexName": "tops_prod_default_products",
        "query": "4901301259691",
        "rawQuery": "4901301259691",
        "serverUsed": "v5-sg-1.algolia.net",
        "appliedRules": [
            {
                "objectID": "qr-1638341062716"
            }
        ],
        "appliedFilters": {
            "facetFilters": [
                "store_code:tops_sa_432_en",
                "stock.is_in_stock:1"
            ],
            "numericFilters": []
        },
        "processingTimeMS": 21.619514,
        "searchPlp": true
    },
    "search_criteria": {
        "page_size": 15,
        "current_page": 1,
        "size": 15,
        "max_page": 1
    }
}</msg>
<msg timestamp="20220216 18:26:58.920" level="INFO">${response} = {'query_suggestions': ['4901301259721'], 'total_count': 1, 'products': [{'id': 87104, 'store_id': 17, 'store_code': 'tops_sa_432_en', 'name': 'Merries Baby Diaper Pants Size M 74pcs.', 'type_id': 'sim...</msg>
<status status="PASS" starttime="20220216 18:26:58.707" endtime="20220216 18:26:58.920"/>
</kw>
<msg timestamp="20220216 18:26:58.921" level="INFO">${response} = {'query_suggestions': ['4901301259721'], 'total_count': 1, 'products': [{'id': 87104, 'store_id': 17, 'store_code': 'tops_sa_432_en', 'name': 'Merries Baby Diaper Pants Size M 74pcs.', 'type_id': 'sim...</msg>
<status status="PASS" starttime="20220216 18:26:58.457" endtime="20220216 18:26:58.921"/>
</kw>
<kw name="Get data verify product detail from response" library="get_product_api">
<var>${product_info}</var>
<arg>${response}</arg>
<kw name="Set Variable" library="BuiltIn">
<var>${products}</var>
<arg>${response}[products]</arg>
<doc>Returns the given values which can then be assigned to a variables.</doc>
<msg timestamp="20220216 18:26:58.922" level="INFO">${products} = [{'id': 87104, 'store_id': 17, 'store_code': 'tops_sa_432_en', 'name': 'Merries Baby Diaper Pants Size M 74pcs.', 'type_id': 'simple', 'rating_summary': 0, 'sku': '4901301259691', 'brand_name': 'MERRI...</msg>
<status status="PASS" starttime="20220216 18:26:58.922" endtime="20220216 18:26:58.922"/>
</kw>
<kw name="Set Variable" library="BuiltIn">
<var>${first_product}</var>
<arg>${products}[0]</arg>
<doc>Returns the given values which can then be assigned to a variables.</doc>
<msg timestamp="20220216 18:26:58.923" level="INFO">${first_product} = {'id': 87104, 'store_id': 17, 'store_code': 'tops_sa_432_en', 'name': 'Merries Baby Diaper Pants Size M 74pcs.', 'type_id': 'simple', 'rating_summary': 0, 'sku': '4901301259691', 'brand_name': 'MERRIE...</msg>
<status status="PASS" starttime="20220216 18:26:58.922" endtime="20220216 18:26:58.923"/>
</kw>
<kw name="Set Variable" library="BuiltIn">
<var>${sku}</var>
<arg>${first_product}[sku]</arg>
<doc>Returns the given values which can then be assigned to a variables.</doc>
<msg timestamp="20220216 18:26:58.924" level="INFO">${sku} = 4901301259691</msg>
<status status="PASS" starttime="20220216 18:26:58.923" endtime="20220216 18:26:58.924"/>
</kw>
<kw name="Set Variable" library="BuiltIn">
<var>${name}</var>
<arg>${first_product}[name]</arg>
<doc>Returns the given values which can then be assigned to a variables.</doc>
<msg timestamp="20220216 18:26:58.924" level="INFO">${name} = Merries Baby Diaper Pants Size M 74pcs.</msg>
<status status="PASS" starttime="20220216 18:26:58.924" endtime="20220216 18:26:58.924"/>
</kw>
<kw name="Set Variable" library="BuiltIn">
<var>${price}</var>
<arg>${first_product}[price]</arg>
<doc>Returns the given values which can then be assigned to a variables.</doc>
<msg timestamp="20220216 18:26:58.925" level="INFO">${price} = 769</msg>
<status status="PASS" starttime="20220216 18:26:58.925" endtime="20220216 18:26:58.925"/>
</kw>
<kw name="Set Variable" library="BuiltIn">
<var>${price_discount}</var>
<arg>${first_product}[price_discount]</arg>
<doc>Returns the given values which can then be assigned to a variables.</doc>
<msg timestamp="20220216 18:26:58.926" level="INFO">${price_discount} = 13</msg>
<status status="PASS" starttime="20220216 18:26:58.926" endtime="20220216 18:26:58.927"/>
</kw>
<kw name="Create Dictionary" library="BuiltIn">
<var>&amp;{product_data}</var>
<arg>sku=${sku}</arg>
<arg>name=${name}</arg>
<arg>price=${price}</arg>
<arg>price_discount=${price_discount}</arg>
<doc>Creates and returns a dictionary based on the given ``items``.</doc>
<msg timestamp="20220216 18:26:58.928" level="INFO">&amp;{product_data} = { sku=4901301259691 | name=Merries Baby Diaper Pants Size M 74pcs. | price=769 | price_discount=13 }</msg>
<status status="PASS" starttime="20220216 18:26:58.927" endtime="20220216 18:26:58.928"/>
</kw>
<msg timestamp="20220216 18:26:58.929" level="INFO">${product_info} = {'sku': '4901301259691', 'name': 'Merries Baby Diaper Pants Size M 74pcs.', 'price': 769, 'price_discount': 13}</msg>
<status status="PASS" starttime="20220216 18:26:58.921" endtime="20220216 18:26:58.929"/>
</kw>
<kw name="Log To Console" library="BuiltIn">
<arg>Product Infomations: ${product_info}</arg>
<doc>Logs the given message to the console.</doc>
<status status="PASS" starttime="20220216 18:26:58.929" endtime="20220216 18:26:58.930"/>
</kw>
<kw name="Should Be Equal" library="BuiltIn">
<arg>'${product_info.sku}'</arg>
<arg>'${product_4901301259691.sku}'</arg>
<doc>Fails if the given objects are unequal.</doc>
<status status="PASS" starttime="20220216 18:26:58.930" endtime="20220216 18:26:58.934"/>
</kw>
<kw name="Should Be Equal" library="BuiltIn">
<arg>'${product_info.name}'</arg>
<arg>'${product_4901301259691.name}'</arg>
<doc>Fails if the given objects are unequal.</doc>
<status status="PASS" starttime="20220216 18:26:58.934" endtime="20220216 18:26:58.936"/>
</kw>
<status status="PASS" starttime="20220216 18:26:58.456" endtime="20220216 18:26:58.937"/>
</test>
<status status="PASS" starttime="20220216 18:26:57.970" endtime="20220216 18:26:58.939"/>
</suite>
<status status="PASS" starttime="20220216 18:26:57.939" endtime="20220216 18:26:58.940"/>
</suite>
<statistics>
<total>
<stat pass="1" fail="0" skip="0">All Tests</stat>
</total>
<tag>
</tag>
<suite>
<stat pass="1" fail="0" skip="0" id="s1" name="Api">Api</stat>
<stat pass="1" fail="0" skip="0" id="s1-s1" name="Get Product Information And Verify">Api.Get Product Information And Verify</stat>
</suite>
</statistics>
<errors>
</errors>
</robot>
