<?xml version="1.0" encoding="UTF-8"?>
<robot generator="Robot 4.1.1 (Python 3.9.10 on win32)" generated="20220216 18:23:11.957" rpa="false" schemaversion="2">
<suite id="s1" name="Combine" source="E:\Hue_repo\interview-automation\testcases\combine">
<suite id="s1-s1" name="Api Get Product Info And Add To Cart" source="E:\Hue_repo\interview-automation\testcases\combine\api_get_product_info_and_add_to_cart.robot">
<kw name="Open chrome browser and redirect Tops Website" library="common" type="SETUP">
<kw name="Evaluate" library="BuiltIn">
<var>${chrome options}</var>
<arg>sys.modules['selenium.webdriver'].ChromeOptions()</arg>
<arg>sys, selenium.webdriver</arg>
<doc>Evaluates the given expression in Python and returns the result.</doc>
<msg timestamp="20220216 18:23:12.455" level="INFO">${chrome options} = &lt;selenium.webdriver.chrome.options.Options object at 0x000001F2DDAB7970&gt;</msg>
<status status="PASS" starttime="20220216 18:23:12.455" endtime="20220216 18:23:12.455"/>
</kw>
<kw name="Call Method" library="BuiltIn">
<arg>${chrome_options}</arg>
<arg>add_argument</arg>
<arg>disable-gpu</arg>
<doc>Calls the named method of the given object with the provided arguments.</doc>
<status status="PASS" starttime="20220216 18:23:12.455" endtime="20220216 18:23:12.455"/>
</kw>
<if>
<branch type="IF" condition="'${headless}' == 'true'">
<kw name="Call Method" library="BuiltIn">
<arg>${chrome_options}</arg>
<arg>add_argument</arg>
<arg>--headless</arg>
<doc>Calls the named method of the given object with the provided arguments.</doc>
<status status="NOT RUN" starttime="20220216 18:23:12.456" endtime="20220216 18:23:12.456"/>
</kw>
<kw name="Call Method" library="BuiltIn">
<arg>${chrome_options}</arg>
<arg>add_argument</arg>
<arg>--window-size\=1920,1080</arg>
<doc>Calls the named method of the given object with the provided arguments.</doc>
<status status="NOT RUN" starttime="20220216 18:23:12.456" endtime="20220216 18:23:12.456"/>
</kw>
<kw name="Log To Console" library="BuiltIn">
<arg>${\n}***** Open Tops websit in headless mode *****</arg>
<doc>Logs the given message to the console.</doc>
<status status="NOT RUN" starttime="20220216 18:23:12.456" endtime="20220216 18:23:12.456"/>
</kw>
<status status="NOT RUN" starttime="20220216 18:23:12.455" endtime="20220216 18:23:12.456"/>
</branch>
<branch type="ELSE IF" condition="'${headless}' == 'false'">
<kw name="Log To Console" library="BuiltIn">
<arg>${\n}***** Open Tops websit in desktop mode *****</arg>
<doc>Logs the given message to the console.</doc>
<status status="PASS" starttime="20220216 18:23:12.456" endtime="20220216 18:23:12.457"/>
</kw>
<status status="PASS" starttime="20220216 18:23:12.456" endtime="20220216 18:23:12.457"/>
</branch>
<status status="PASS" starttime="20220216 18:23:12.455" endtime="20220216 18:23:12.457"/>
</if>
<kw name="Call Method" library="BuiltIn">
<arg>${chrome_options}</arg>
<arg>add_argument</arg>
<arg>--no-sandbox</arg>
<doc>Calls the named method of the given object with the provided arguments.</doc>
<status status="PASS" starttime="20220216 18:23:12.457" endtime="20220216 18:23:12.457"/>
</kw>
<kw name="Call Method" library="BuiltIn">
<arg>${chrome_options}</arg>
<arg>add_argument</arg>
<arg>--disable-dev-shm-usage</arg>
<doc>Calls the named method of the given object with the provided arguments.</doc>
<status status="PASS" starttime="20220216 18:23:12.457" endtime="20220216 18:23:12.458"/>
</kw>
<kw name="Create Webdriver" library="SeleniumLibrary">
<arg>Chrome</arg>
<arg>chrome_options=${chrome options}</arg>
<doc>Creates an instance of Selenium WebDriver.</doc>
<msg timestamp="20220216 18:23:12.458" level="INFO">Creating an instance of the Chrome WebDriver.</msg>
<status status="PASS" starttime="20220216 18:23:12.458" endtime="20220216 18:23:13.598"/>
</kw>
<kw name="Maximize Browser Window" library="SeleniumLibrary">
<doc>Maximizes current browser window.</doc>
<status status="PASS" starttime="20220216 18:23:13.598" endtime="20220216 18:23:13.725"/>
</kw>
<kw name="Go To" library="SeleniumLibrary">
<arg>${url_tops}</arg>
<doc>Navigates the current browser window to the provided ``url``.</doc>
<msg timestamp="20220216 18:23:13.726" level="INFO">Opening url 'https://www.tops.co.th/en/'</msg>
<status status="PASS" starttime="20220216 18:23:13.725" endtime="20220216 18:23:19.062"/>
</kw>
<status status="PASS" starttime="20220216 18:23:12.454" endtime="20220216 18:23:19.063"/>
</kw>
<test id="s1-s1-t1" name="Get product infomation from api and add To Cart then verify mini cart">
<kw name="Run Keywords" library="BuiltIn" type="SETUP">
<arg>home_keywords.Go to login page</arg>
<arg>AND</arg>
<arg>login_keywords.Login tops website successfully</arg>
<arg>${test_acc_1.username}</arg>
<arg>${test_acc_1.password}</arg>
<arg>AND</arg>
<arg>mini_cart_keywords.Check and remove all product</arg>
<doc>Executes all the given keywords in a sequence.</doc>
<kw name="Go to login page" library="home_keywords">
<doc>Go to login page</doc>
<kw name="Click Close Popup Reminder" library="home_page">
<doc>Click close reminder on home page</doc>
<kw name="Click Element When Ready" library="common">
<arg>${home_page.close_reminder}</arg>
<kw name="Wait web element is visible" library="common">
<arg>${location}</arg>
<kw name="Wait Until Element Is Visible" library="SeleniumLibrary">
<arg>${location}</arg>
<arg>${timeout}</arg>
<doc>Waits until the element ``locator`` is visible.</doc>
<status status="PASS" starttime="20220216 18:23:19.073" endtime="20220216 18:23:19.160"/>
</kw>
<status status="PASS" starttime="20220216 18:23:19.072" endtime="20220216 18:23:19.161"/>
</kw>
<kw name="Click Element" library="SeleniumLibrary">
<arg>${location}</arg>
<doc>Click the element identified by ``locator``.</doc>
<msg timestamp="20220216 18:23:19.161" level="INFO">Clicking element 'xpath=//span[@class='ins-web-opt-in-reminder-close-button']'.</msg>
<status status="PASS" starttime="20220216 18:23:19.161" endtime="20220216 18:23:19.296"/>
</kw>
<status status="PASS" starttime="20220216 18:23:19.071" endtime="20220216 18:23:19.296"/>
</kw>
<status status="PASS" starttime="20220216 18:23:19.069" endtime="20220216 18:23:19.297"/>
</kw>
<kw name="Click login" library="home_page">
<doc>Click login on home page</doc>
<kw name="Click Element When Ready" library="common">
<arg>${home_page.login}</arg>
<kw name="Wait web element is visible" library="common">
<arg>${location}</arg>
<kw name="Wait Until Element Is Visible" library="SeleniumLibrary">
<arg>${location}</arg>
<arg>${timeout}</arg>
<doc>Waits until the element ``locator`` is visible.</doc>
<status status="PASS" starttime="20220216 18:23:19.298" endtime="20220216 18:23:19.373"/>
</kw>
<status status="PASS" starttime="20220216 18:23:19.298" endtime="20220216 18:23:19.373"/>
</kw>
<kw name="Click Element" library="SeleniumLibrary">
<arg>${location}</arg>
<doc>Click the element identified by ``locator``.</doc>
<msg timestamp="20220216 18:23:19.373" level="INFO">Clicking element 'xpath=//div[contains(@class,'LoginSectio')]//button[.='Login']'.</msg>
<status status="PASS" starttime="20220216 18:23:19.373" endtime="20220216 18:23:19.474"/>
</kw>
<status status="PASS" starttime="20220216 18:23:19.297" endtime="20220216 18:23:19.475"/>
</kw>
<status status="PASS" starttime="20220216 18:23:19.297" endtime="20220216 18:23:19.475"/>
</kw>
<kw name="Check login page is displayed" library="login_page">
<doc>Check login page has show</doc>
<kw name="Wait web element is visible" library="common">
<arg>${login_page.btn_login}</arg>
<kw name="Wait Until Element Is Visible" library="SeleniumLibrary">
<arg>${location}</arg>
<arg>${timeout}</arg>
<doc>Waits until the element ``locator`` is visible.</doc>
<status status="PASS" starttime="20220216 18:23:19.476" endtime="20220216 18:23:19.748"/>
</kw>
<status status="PASS" starttime="20220216 18:23:19.475" endtime="20220216 18:23:19.748"/>
</kw>
<status status="PASS" starttime="20220216 18:23:19.475" endtime="20220216 18:23:19.748"/>
</kw>
<status status="PASS" starttime="20220216 18:23:19.068" endtime="20220216 18:23:19.748"/>
</kw>
<kw name="Login tops website successfully" library="login_keywords">
<arg>${test_acc_1.username}</arg>
<arg>${test_acc_1.password}</arg>
<doc>Login with username and password success</doc>
<kw name="Input username" library="login_page">
<arg>${username}</arg>
<doc>Input username to username text box</doc>
<kw name="Input Text To Element When Ready" library="common">
<arg>${login_page.txt_username}</arg>
<arg>${username}</arg>
<kw name="Wait web element is visible" library="common">
<arg>${location}</arg>
<kw name="Wait Until Element Is Visible" library="SeleniumLibrary">
<arg>${location}</arg>
<arg>${timeout}</arg>
<doc>Waits until the element ``locator`` is visible.</doc>
<status status="PASS" starttime="20220216 18:23:19.752" endtime="20220216 18:23:19.798"/>
</kw>
<status status="PASS" starttime="20220216 18:23:19.752" endtime="20220216 18:23:19.799"/>
</kw>
<kw name="Input Text" library="SeleniumLibrary">
<arg>${location}</arg>
<arg>${text}</arg>
<doc>Types the given ``text`` into the text field identified by ``locator``.</doc>
<msg timestamp="20220216 18:23:19.799" level="INFO">Typing text 'interview.automation@gmail.com' into text field 'xpath=//div//input[@placeholder='Please insert your email']'.</msg>
<status status="PASS" starttime="20220216 18:23:19.799" endtime="20220216 18:23:20.230"/>
</kw>
<status status="PASS" starttime="20220216 18:23:19.751" endtime="20220216 18:23:20.230"/>
</kw>
<status status="PASS" starttime="20220216 18:23:19.750" endtime="20220216 18:23:20.230"/>
</kw>
<kw name="Click see password button" library="login_page">
<doc>Click to show password</doc>
<kw name="Click Element When Ready" library="common">
<arg>${login_page.btn_eye_on}</arg>
<kw name="Wait web element is visible" library="common">
<arg>${location}</arg>
<kw name="Wait Until Element Is Visible" library="SeleniumLibrary">
<arg>${location}</arg>
<arg>${timeout}</arg>
<doc>Waits until the element ``locator`` is visible.</doc>
<status status="PASS" starttime="20220216 18:23:20.232" endtime="20220216 18:23:20.261"/>
</kw>
<status status="PASS" starttime="20220216 18:23:20.231" endtime="20220216 18:23:20.261"/>
</kw>
<kw name="Click Element" library="SeleniumLibrary">
<arg>${location}</arg>
<doc>Click the element identified by ``locator``.</doc>
<msg timestamp="20220216 18:23:20.262" level="INFO">Clicking element 'xpath=//div[@class='field field-password']//img'.</msg>
<status status="PASS" starttime="20220216 18:23:20.261" endtime="20220216 18:23:20.348"/>
</kw>
<status status="PASS" starttime="20220216 18:23:20.230" endtime="20220216 18:23:20.348"/>
</kw>
<status status="PASS" starttime="20220216 18:23:20.230" endtime="20220216 18:23:20.348"/>
</kw>
<kw name="Input password" library="login_page">
<arg>${password}</arg>
<doc>Input password to password text box</doc>
<kw name="Input Text To Element When Ready" library="common">
<arg>${login_page.txt_password}</arg>
<arg>${password}</arg>
<kw name="Wait web element is visible" library="common">
<arg>${location}</arg>
<kw name="Wait Until Element Is Visible" library="SeleniumLibrary">
<arg>${location}</arg>
<arg>${timeout}</arg>
<doc>Waits until the element ``locator`` is visible.</doc>
<status status="PASS" starttime="20220216 18:23:20.350" endtime="20220216 18:23:20.377"/>
</kw>
<status status="PASS" starttime="20220216 18:23:20.349" endtime="20220216 18:23:20.377"/>
</kw>
<kw name="Input Text" library="SeleniumLibrary">
<arg>${location}</arg>
<arg>${text}</arg>
<doc>Types the given ``text`` into the text field identified by ``locator``.</doc>
<msg timestamp="20220216 18:23:20.378" level="INFO">Typing text 'Pass@word123' into text field 'xpath=//div//input[@placeholder='Please insert password']'.</msg>
<status status="PASS" starttime="20220216 18:23:20.377" endtime="20220216 18:23:20.578"/>
</kw>
<status status="PASS" starttime="20220216 18:23:20.349" endtime="20220216 18:23:20.578"/>
</kw>
<status status="PASS" starttime="20220216 18:23:20.348" endtime="20220216 18:23:20.579"/>
</kw>
<kw name="Click login button" library="login_page">
<doc>Click login button</doc>
<kw name="Click Element When Ready" library="common">
<arg>${login_page.btn_login}</arg>
<kw name="Wait web element is visible" library="common">
<arg>${location}</arg>
<kw name="Wait Until Element Is Visible" library="SeleniumLibrary">
<arg>${location}</arg>
<arg>${timeout}</arg>
<doc>Waits until the element ``locator`` is visible.</doc>
<status status="PASS" starttime="20220216 18:23:20.581" endtime="20220216 18:23:20.602"/>
</kw>
<status status="PASS" starttime="20220216 18:23:20.580" endtime="20220216 18:23:20.602"/>
</kw>
<kw name="Click Element" library="SeleniumLibrary">
<arg>${location}</arg>
<doc>Click the element identified by ``locator``.</doc>
<msg timestamp="20220216 18:23:20.603" level="INFO">Clicking element 'xpath=//button[@type='submit' and .='Log in']'.</msg>
<status status="PASS" starttime="20220216 18:23:20.603" endtime="20220216 18:23:20.692"/>
</kw>
<status status="PASS" starttime="20220216 18:23:20.579" endtime="20220216 18:23:20.692"/>
</kw>
<status status="PASS" starttime="20220216 18:23:20.579" endtime="20220216 18:23:20.692"/>
</kw>
<kw name="Check go to home page" library="home_page">
<doc>Check home page has show</doc>
<kw name="Wait for loading disappear" library="common">
<doc>global wait for loading disappear</doc>
<kw name="Run Keyword And Ignore Error" library="BuiltIn">
<arg>Wait web element is not visible</arg>
<arg>${common.fullscreen_loading}</arg>
<doc>Runs the given keyword with the given arguments and ignores possible error.</doc>
<kw name="Wait web element is not visible" library="common">
<arg>${common.fullscreen_loading}</arg>
<kw name="Wait Until Element Is Not Visible" library="SeleniumLibrary">
<arg>${location}</arg>
<arg>${timeout}</arg>
<doc>Waits until the element ``locator`` is not visible.</doc>
<status status="PASS" starttime="20220216 18:23:20.694" endtime="20220216 18:23:20.705"/>
</kw>
<status status="PASS" starttime="20220216 18:23:20.693" endtime="20220216 18:23:20.705"/>
</kw>
<status status="PASS" starttime="20220216 18:23:20.693" endtime="20220216 18:23:20.705"/>
</kw>
<status status="PASS" starttime="20220216 18:23:20.692" endtime="20220216 18:23:20.705"/>
</kw>
<kw name="Wait web element is visible" library="common">
<arg>${home_page.search_bar}</arg>
<kw name="Wait Until Element Is Visible" library="SeleniumLibrary">
<arg>${location}</arg>
<arg>${timeout}</arg>
<doc>Waits until the element ``locator`` is visible.</doc>
<status status="PASS" starttime="20220216 18:23:20.706" endtime="20220216 18:23:24.791"/>
</kw>
<status status="PASS" starttime="20220216 18:23:20.705" endtime="20220216 18:23:24.791"/>
</kw>
<kw name="Wait for loading disappear" library="common">
<doc>global wait for loading disappear</doc>
<kw name="Run Keyword And Ignore Error" library="BuiltIn">
<arg>Wait web element is not visible</arg>
<arg>${common.fullscreen_loading}</arg>
<doc>Runs the given keyword with the given arguments and ignores possible error.</doc>
<kw name="Wait web element is not visible" library="common">
<arg>${common.fullscreen_loading}</arg>
<kw name="Wait Until Element Is Not Visible" library="SeleniumLibrary">
<arg>${location}</arg>
<arg>${timeout}</arg>
<doc>Waits until the element ``locator`` is not visible.</doc>
<status status="PASS" starttime="20220216 18:23:24.793" endtime="20220216 18:23:24.844"/>
</kw>
<status status="PASS" starttime="20220216 18:23:24.792" endtime="20220216 18:23:24.844"/>
</kw>
<status status="PASS" starttime="20220216 18:23:24.792" endtime="20220216 18:23:24.844"/>
</kw>
<status status="PASS" starttime="20220216 18:23:24.791" endtime="20220216 18:23:24.844"/>
</kw>
<status status="PASS" starttime="20220216 18:23:20.692" endtime="20220216 18:23:24.844"/>
</kw>
<status status="PASS" starttime="20220216 18:23:19.749" endtime="20220216 18:23:24.844"/>
</kw>
<kw name="Check and remove all product" library="mini_cart_keywords">
<doc>Check and remove all product in cart</doc>
<kw name="Check go to home page" library="home_page">
<doc>Check home page has show</doc>
<kw name="Wait for loading disappear" library="common">
<doc>global wait for loading disappear</doc>
<kw name="Run Keyword And Ignore Error" library="BuiltIn">
<arg>Wait web element is not visible</arg>
<arg>${common.fullscreen_loading}</arg>
<doc>Runs the given keyword with the given arguments and ignores possible error.</doc>
<kw name="Wait web element is not visible" library="common">
<arg>${common.fullscreen_loading}</arg>
<kw name="Wait Until Element Is Not Visible" library="SeleniumLibrary">
<arg>${location}</arg>
<arg>${timeout}</arg>
<doc>Waits until the element ``locator`` is not visible.</doc>
<status status="PASS" starttime="20220216 18:23:24.847" endtime="20220216 18:23:24.860"/>
</kw>
<status status="PASS" starttime="20220216 18:23:24.846" endtime="20220216 18:23:24.860"/>
</kw>
<status status="PASS" starttime="20220216 18:23:24.846" endtime="20220216 18:23:24.860"/>
</kw>
<status status="PASS" starttime="20220216 18:23:24.845" endtime="20220216 18:23:24.860"/>
</kw>
<kw name="Wait web element is visible" library="common">
<arg>${home_page.search_bar}</arg>
<kw name="Wait Until Element Is Visible" library="SeleniumLibrary">
<arg>${location}</arg>
<arg>${timeout}</arg>
<doc>Waits until the element ``locator`` is visible.</doc>
<status status="PASS" starttime="20220216 18:23:24.861" endtime="20220216 18:23:24.897"/>
</kw>
<status status="PASS" starttime="20220216 18:23:24.860" endtime="20220216 18:23:24.897"/>
</kw>
<kw name="Wait for loading disappear" library="common">
<doc>global wait for loading disappear</doc>
<kw name="Run Keyword And Ignore Error" library="BuiltIn">
<arg>Wait web element is not visible</arg>
<arg>${common.fullscreen_loading}</arg>
<doc>Runs the given keyword with the given arguments and ignores possible error.</doc>
<kw name="Wait web element is not visible" library="common">
<arg>${common.fullscreen_loading}</arg>
<kw name="Wait Until Element Is Not Visible" library="SeleniumLibrary">
<arg>${location}</arg>
<arg>${timeout}</arg>
<doc>Waits until the element ``locator`` is not visible.</doc>
<status status="PASS" starttime="20220216 18:23:24.898" endtime="20220216 18:23:24.929"/>
</kw>
<status status="PASS" starttime="20220216 18:23:24.898" endtime="20220216 18:23:24.929"/>
</kw>
<status status="PASS" starttime="20220216 18:23:24.897" endtime="20220216 18:23:24.929"/>
</kw>
<status status="PASS" starttime="20220216 18:23:24.897" endtime="20220216 18:23:24.929"/>
</kw>
<status status="PASS" starttime="20220216 18:23:24.845" endtime="20220216 18:23:24.929"/>
</kw>
<kw name="Wait until loading cart disappear" library="home_page">
<kw name="Wait web element is not visible" library="common">
<arg>${home_page.loading_cart}</arg>
<kw name="Wait Until Element Is Not Visible" library="SeleniumLibrary">
<arg>${location}</arg>
<arg>${timeout}</arg>
<doc>Waits until the element ``locator`` is not visible.</doc>
<status status="PASS" starttime="20220216 18:23:24.930" endtime="20220216 18:23:24.947"/>
</kw>
<status status="PASS" starttime="20220216 18:23:24.930" endtime="20220216 18:23:24.947"/>
</kw>
<status status="PASS" starttime="20220216 18:23:24.929" endtime="20220216 18:23:24.947"/>
</kw>
<kw name="Get product qty from cart" library="home_page">
<var>${current_value}</var>
<doc>Get product qty from cart icon</doc>
<kw name="Wait until loading cart disappear" library="home_page">
<kw name="Wait web element is not visible" library="common">
<arg>${home_page.loading_cart}</arg>
<kw name="Wait Until Element Is Not Visible" library="SeleniumLibrary">
<arg>${location}</arg>
<arg>${timeout}</arg>
<doc>Waits until the element ``locator`` is not visible.</doc>
<status status="PASS" starttime="20220216 18:23:24.948" endtime="20220216 18:23:24.988"/>
</kw>
<status status="PASS" starttime="20220216 18:23:24.948" endtime="20220216 18:23:24.988"/>
</kw>
<status status="PASS" starttime="20220216 18:23:24.947" endtime="20220216 18:23:24.989"/>
</kw>
<kw name="Get Text" library="SeleniumLibrary">
<var>${current_value}</var>
<arg>${home_page.product_qty_cart}</arg>
<doc>Returns the text value of the element identified by ``locator``.</doc>
<msg timestamp="20220216 18:23:25.010" level="INFO">${current_value} = 1</msg>
<status status="PASS" starttime="20220216 18:23:24.989" endtime="20220216 18:23:25.010"/>
</kw>
<msg timestamp="20220216 18:23:25.011" level="INFO">${current_value} = 1</msg>
<status status="PASS" starttime="20220216 18:23:24.947" endtime="20220216 18:23:25.011"/>
</kw>
<kw name="Run Keyword If" library="BuiltIn">
<arg>'${current_value}' != '0'</arg>
<arg>mini_cart_page.Remove item in cart</arg>
<doc>Runs the given keyword with the given arguments, if ``condition`` is true.</doc>
<kw name="Remove item in cart" library="mini_cart_page">
<doc>Remove item in cart</doc>
<kw name="Wait until loading cart disappear" library="home_page">
<kw name="Wait web element is not visible" library="common">
<arg>${home_page.loading_cart}</arg>
<kw name="Wait Until Element Is Not Visible" library="SeleniumLibrary">
<arg>${location}</arg>
<arg>${timeout}</arg>
<doc>Waits until the element ``locator`` is not visible.</doc>
<status status="PASS" starttime="20220216 18:23:25.012" endtime="20220216 18:23:25.020"/>
</kw>
<status status="PASS" starttime="20220216 18:23:25.012" endtime="20220216 18:23:25.020"/>
</kw>
<status status="PASS" starttime="20220216 18:23:25.011" endtime="20220216 18:23:25.020"/>
</kw>
<kw name="Mouse over mini cart" library="common">
<doc>Mouse over mini cart</doc>
<kw name="Wait for loading disappear" library="common">
<doc>global wait for loading disappear</doc>
<kw name="Run Keyword And Ignore Error" library="BuiltIn">
<arg>Wait web element is not visible</arg>
<arg>${common.fullscreen_loading}</arg>
<doc>Runs the given keyword with the given arguments and ignores possible error.</doc>
<kw name="Wait web element is not visible" library="common">
<arg>${common.fullscreen_loading}</arg>
<kw name="Wait Until Element Is Not Visible" library="SeleniumLibrary">
<arg>${location}</arg>
<arg>${timeout}</arg>
<doc>Waits until the element ``locator`` is not visible.</doc>
<status status="PASS" starttime="20220216 18:23:25.022" endtime="20220216 18:23:25.029"/>
</kw>
<status status="PASS" starttime="20220216 18:23:25.021" endtime="20220216 18:23:25.029"/>
</kw>
<status status="PASS" starttime="20220216 18:23:25.021" endtime="20220216 18:23:25.029"/>
</kw>
<status status="PASS" starttime="20220216 18:23:25.021" endtime="20220216 18:23:25.029"/>
</kw>
<kw name="Execute Javascript" library="SeleniumLibrary">
<arg>var event = new MouseEvent('mouseover',{view: window, bubbles: true, cancelable: true});</arg>
<arg>document.querySelectorAll('img[src="/assets/icons/baseline-shopping-cart-24-px.svg"]')[0].dispatchEvent(event)</arg>
<doc>Executes the given JavaScript code with possible arguments.</doc>
<msg timestamp="20220216 18:23:25.030" level="INFO">Executing JavaScript:
var event = new MouseEvent('mouseover',{view: window, bubbles: true, cancelable: true});document.querySelectorAll('img[src="/assets/icons/baseline-shopping-cart-24-px.svg"]')[0].dispatchEvent(event)
Without any arguments.</msg>
<status status="PASS" starttime="20220216 18:23:25.030" endtime="20220216 18:23:25.080"/>
</kw>
<status status="PASS" starttime="20220216 18:23:25.021" endtime="20220216 18:23:25.080"/>
</kw>
<kw name="Set Focus To Element" library="SeleniumLibrary">
<arg>${mini_cart_page.btn_remove_item}</arg>
<doc>Sets the focus to the element identified by ``locator``.</doc>
<status status="PASS" starttime="20220216 18:23:25.081" endtime="20220216 18:23:25.106"/>
</kw>
<kw name="Click Element When Ready" library="common">
<arg>${mini_cart_page.btn_remove_item}</arg>
<kw name="Wait web element is visible" library="common">
<arg>${location}</arg>
<kw name="Wait Until Element Is Visible" library="SeleniumLibrary">
<arg>${location}</arg>
<arg>${timeout}</arg>
<doc>Waits until the element ``locator`` is visible.</doc>
<status status="PASS" starttime="20220216 18:23:25.108" endtime="20220216 18:23:25.125"/>
</kw>
<status status="PASS" starttime="20220216 18:23:25.107" endtime="20220216 18:23:25.125"/>
</kw>
<kw name="Click Element" library="SeleniumLibrary">
<arg>${location}</arg>
<doc>Click the element identified by ``locator``.</doc>
<msg timestamp="20220216 18:23:25.125" level="INFO">Clicking element 'xpath=//span[contains(@class,'DeleteAll') and .='Delete all items']'.</msg>
<status status="PASS" starttime="20220216 18:23:25.125" endtime="20220216 18:23:25.338"/>
</kw>
<status status="PASS" starttime="20220216 18:23:25.107" endtime="20220216 18:23:25.339"/>
</kw>
<kw name="Wait for loading disappear" library="common">
<doc>global wait for loading disappear</doc>
<kw name="Run Keyword And Ignore Error" library="BuiltIn">
<arg>Wait web element is not visible</arg>
<arg>${common.fullscreen_loading}</arg>
<doc>Runs the given keyword with the given arguments and ignores possible error.</doc>
<kw name="Wait web element is not visible" library="common">
<arg>${common.fullscreen_loading}</arg>
<kw name="Wait Until Element Is Not Visible" library="SeleniumLibrary">
<arg>${location}</arg>
<arg>${timeout}</arg>
<doc>Waits until the element ``locator`` is not visible.</doc>
<status status="PASS" starttime="20220216 18:23:25.340" endtime="20220216 18:23:27.931"/>
</kw>
<status status="PASS" starttime="20220216 18:23:25.339" endtime="20220216 18:23:27.931"/>
</kw>
<status status="PASS" starttime="20220216 18:23:25.339" endtime="20220216 18:23:27.931"/>
</kw>
<status status="PASS" starttime="20220216 18:23:25.339" endtime="20220216 18:23:27.931"/>
</kw>
<status status="PASS" starttime="20220216 18:23:25.011" endtime="20220216 18:23:27.931"/>
</kw>
<status status="PASS" starttime="20220216 18:23:25.011" endtime="20220216 18:23:27.931"/>
</kw>
<status status="PASS" starttime="20220216 18:23:24.844" endtime="20220216 18:23:27.932"/>
</kw>
<status status="PASS" starttime="20220216 18:23:19.066" endtime="20220216 18:23:27.932"/>
</kw>
<kw name="Get product detail infomation by sku" library="get_product_api">
<var>${response}</var>
<arg>${product_4901301259691.sku}</arg>
<arg>${get_product_enpoint}</arg>
<kw name="Replace String" library="String">
<var>${enpoint}</var>
<arg>${enpoint}</arg>
<arg>product_sku</arg>
<arg>${sku}</arg>
<doc>Replaces ``search_for`` in the given ``string`` with ``replace_with``.</doc>
<msg timestamp="20220216 18:23:27.933" level="INFO">${enpoint} = https://www.tops.co.th/v2/api/catalog/tops_sa_432_en/products/search?searchCriteria%5Bfilter_groups%5D%5B9%5D%5Bfilters%5D%5B0%5D%5Bfield%5D=search_term&amp;searchCriteria%5Bfilter_groups%5D%5B9%5D%5Bfilt...</msg>
<status status="PASS" starttime="20220216 18:23:27.933" endtime="20220216 18:23:27.933"/>
</kw>
<kw name="GET" library="REST">
<var>${response}</var>
<arg>endpoint=${enpoint}</arg>
<tag>http</tag>
<doc>*Sends a GET request to the endpoint.*</doc>
<msg timestamp="20220216 18:23:28.182" level="INFO">${response} = {'seconds': 0.243365, 'status': 200, 'reason': 'OK', 'body': {'query_suggestions': ['4901301259721'], 'total_count': 1, 'products': [{'id': 87104, 'store_id': 17, 'store_code': 'tops_sa_432_en', 'name...</msg>
<status status="PASS" starttime="20220216 18:23:27.934" endtime="20220216 18:23:28.182"/>
</kw>
<kw name="Integer" library="REST">
<arg>response status</arg>
<arg>200</arg>
<tag>assertions</tag>
<doc>*Asserts the field as JSON integer.*</doc>
<status status="PASS" starttime="20220216 18:23:28.182" endtime="20220216 18:23:28.182"/>
</kw>
<kw name="Output" library="REST">
<var>${response}</var>
<arg>response body</arg>
<tag>I/O</tag>
<doc>*Outputs JSON to terminal or a file.*</doc>
<msg timestamp="20220216 18:23:28.182" level="INFO">
{
    "query_suggestions": [
        "4901301259721"
    ],
    "total_count": 1,
    "products": [
        {
            "id": 87104,
            "store_id": 17,
            "store_code": "tops_sa_432_en",
            "name": "Merries Baby Diaper Pants Size M 74pcs.",
            "type_id": "simple",
            "rating_summary": 0,
            "sku": "4901301259691",
            "brand_name": "MERRIES",
            "country_of_product": "Japan",
            "recommended": 0,
            "is_returnable": 0,
            "ranking": 0.0132,
            "consumer_unit": "pack",
            "selling_unit": null,
            "product_badge": 0,
            "weight_item_ind": "0",
            "product_remark": null,
            "lifestyle_and_benefit": [],
            "item_remark": "Cut and Cooking Method Remark",
            "manual_disable": false,
            "recommended_sort_order": null,
            "package_uom": "PPCS",
            "cost": 0,
            "local_import": "Import",
            "manual_boosting": null,
            "promotion_exclude": false,
            "simple_pack_ind": 0,
            "url_key": "merries-baby-diaper-pants-size-m-74pcs-4901301259691",
            "the1card_qty": 2,
            "the1card_point": 400,
            "the1card_startdate": "2021-02-02 17:00:00",
            "the1card_startdate_unix": 1612285200,
            "the1card_enddate": "2021-02-16 17:00:00",
            "the1card_enddate_unix": 1613494800,
            "is_alcohol_restriction": false,
            "related_skus": [
                "4901301259691"
            ],
            "has_promotion_of_week": 1,
            "stock": {
                "qty": 9,
                "max_sale_qty": 24,
                "is_in_stock": true,
                "min_qty": 0,
                "min_sale_qty": 1
            },
            "name_tokenized_th": "เมอร์รี่ส์ กางเกงผ้าอ้อมเด็ก ขนาด M 74 ชิ้น",
            "brand_tokenized_th": "เมอร์รี่ส์",
            "category": [
                {
                    "category_id": 2605,
                    "name": "Mom &amp; Kids",
                    "level": 2,
                    "parent_id": 2,
                    "url_key": "mom-and-kids",
                    "url_path": "mom-and-kids"
                },
                {
                    "category_id": 2606,
                    "name": "Baby Diapers",
                    "level": 3,
                    "parent_id": 2605,
                    "url_key": "baby-diapers",
                    "url_path": "mom-and-kids/baby-diapers"
                },
                {
                    "category_id": 2607,
                    "name": "Baby Diapers Pants",
                    "level": 4,
                    "parent_id": 2606,
                    "url_key": "baby-diapers-pants",
                    "url_path": "mom-and-kids/baby-diapers/baby-diapers-pants"
                },
                {
                    "category_id": 3358,
                    "name": "Campaign",
                    "level": 2,
                    "parent_id": 2,
                    "url_key": "campaign",
                    "url_path": "campaign"
                },
                {
                    "category_id": 3359,
                    "name": "Offers",
                    "level": 2,
                    "parent_id": 2,
                    "url_key": "offers",
                    "url_path": "offers"
                },
                {
                    "category_id": 3360,
                    "name": "Best Deal",
                    "level": 2,
                    "parent_id": 2,
                    "url_key": "best-deal",
                    "url_path": "best-deal"
                },
                {
                    "category_id": 3922,
                    "name": "Corporate",
                    "level": 2,
                    "parent_id": 2,
                    "url_key": "corporate",
                    "url_path": "corporate"
                },
                {
                    "category_id": 10087,
                    "name": "Shop by Brands",
                    "level": 2,
                    "parent_id": 2,
                    "url_key": "shop-by-brands",
                    "url_path": "shop-by-brands"
                },
                {
                    "category_id": 11973,
                    "name": "Flash Deal",
                    "level": 2,
                    "parent_id": 2,
                    "url_key": "flash-deal",
                    "url_path": "flash-deal"
                },
                {
                    "category_id": 15172,
                    "name": "New arrival",
                    "level": 2,
                    "parent_id": 2,
                    "url_key": "new-arrival",
                    "url_path": "new-arrival"
                },
                {
                    "category_id": 15271,
                    "name": "MERRIES",
                    "level": 3,
                    "parent_id": 10087,
                    "url_key": "merries",
                    "url_path": "shop-by-brands/merries"
                },
                {
                    "category_id": 15273,
                    "name": "Baby Diapers Pants",
                    "level": 4,
                    "parent_id": 15271,
                    "url_key": "baby-diapers-pants",
                    "url_path": "shop-by-brands/merries/baby-diapers-pants"
                },
                {
                    "category_id": 23545,
                    "name": "Merries-Pants",
                    "level": 3,
                    "parent_id": 10087,
                    "url_key": "merries-pants",
                    "url_path": "shop-by-brands/merries-pants"
                },
                {
                    "category_id": 23546,
                    "name": "Baby Diapers Pants",
                    "level": 4,
                    "parent_id": 23545,
                    "url_key": "baby-diapers-pants",
                    "url_path": "shop-by-brands/merries-pants/baby-diapers-pants"
                },
                {
                    "category_id": 38229,
                    "name": "Mom &amp; Kids items 2021",
                    "level": 3,
                    "parent_id": 3358,
                    "url_key": "mom-kids-items-2021",
                    "url_path": "campaign/mom-kids-items-2021"
                },
                {
                    "category_id": 38235,
                    "name": "Baby Health Care",
                    "level": 4,
                    "parent_id": 38229,
                    "url_key": "baby-health-care",
                    "url_path": "campaign/mom-kids-items-2021/baby-health-care"
                },
                {
                    "category_id": 39358,
                    "name": "Baby &amp; Me",
                    "level": 3,
                    "parent_id": 10087,
                    "url_key": "baby-me",
                    "url_path": "shop-by-brands/baby-me"
                },
                {
                    "category_id": 39362,
                    "name": "Baby Diapers",
                    "level": 4,
                    "parent_id": 39358,
                    "url_key": "baby-diapers",
                    "url_path": "shop-by-brands/baby-me/baby-diapers"
                },
                {
                    "category_id": 39368,
                    "name": "Baby &amp; Me-by Stage",
                    "level": 3,
                    "parent_id": 10087,
                    "url_key": "baby-me-by-stage",
                    "url_path": "shop-by-brands/baby-me-by-stage"
                },
                {
                    "category_id": 39369,
                    "name": "Toddler (1-3y)",
                    "level": 4,
                    "parent_id": 39368,
                    "url_key": "toddler-1-3y",
                    "url_path": "shop-by-brands/baby-me-by-stage/toddler-1-3y"
                },
                {
                    "category_id": 39383,
                    "name": "Baby &amp; Me-Big Pack",
                    "level": 3,
                    "parent_id": 10087,
                    "url_key": "baby-me-big-pack",
                    "url_path": "shop-by-brands/baby-me-big-pack"
                },
                {
                    "category_id": 39384,
                    "name": "Baby Diapers",
                    "level": 4,
                    "parent_id": 39383,
                    "url_key": "baby-diapers",
                    "url_path": "shop-by-brands/baby-me-big-pack/baby-diapers"
                },
                {
                    "category_id": 39616,
                    "name": "Toddler (1-3year)",
                    "level": 3,
                    "parent_id": 2605,
                    "url_key": "toddler-1-3year",
                    "url_path": "mom-and-kids/toddler-1-3year"
                },
                {
                    "category_id": 39633,
                    "name": "Diaper",
                    "level": 4,
                    "parent_id": 39616,
                    "url_key": "diaper",
                    "url_path": "mom-and-kids/toddler-1-3year/diaper"
                },
                {
                    "category_id": 39874,
                    "name": "1 Baht 1 Point 1  8-21 Sep 21",
                    "level": 3,
                    "parent_id": 3922,
                    "url_key": "1-baht-1-point-1-8-21-sep-21",
                    "url_path": "corporate/1-baht-1-point-1-8-21-sep-21"
                },
                {
                    "category_id": 39875,
                    "name": "Baby Diapers",
                    "level": 4,
                    "parent_id": 39874,
                    "url_key": "baby-diapers",
                    "url_path": "corporate/1-baht-1-point-1-8-21-sep-21/baby-diapers"
                },
                {
                    "category_id": 40289,
                    "name": "Promotion Nestle x Merries Get Discount On 22 Sep -5 Oct 21",
                    "level": 3,
                    "parent_id": 3358,
                    "url_key": "promotion-nestle-x-merries-get-discount-on-22-sep-5-oct-21",
                    "url_path": "campaign/promotion-nestle-x-merries-get-discount-on-22-sep-5-oct-21"
                },
                {
                    "category_id": 40302,
                    "name": "Baby Diapers",
                    "level": 4,
                    "parent_id": 40289,
                    "url_key": "baby-diapers",
                    "url_path": "campaign/promotion-nestle-x-merries-get-discount-on-22-sep-5-oct-21/baby-diapers"
                },
                {
                    "category_id": 41323,
                    "name": "Merries Baby Diaper Pants",
                    "level": 3,
                    "parent_id": 10087,
                    "url_key": "merries-baby-diaper-pants",
                    "url_path": "shop-by-brands/merries-baby-diaper-pants"
                },
                {
                    "category_id": 41324,
                    "name": "Baby Diapers",
                    "level": 4,
                    "parent_id": 41323,
                    "url_key": "baby-diapers",
                    "url_path": "shop-by-brands/merries-baby-diaper-pants/baby-diapers"
                },
                {
                    "category_id": 41615,
                    "name": "Promotion Merries 4000 get 1200 discount 6-19 Oct 21",
                    "level": 3,
                    "parent_id": 3358,
                    "url_key": "promotion-merries-4000-get-1200-discount-6-19-oct-21",
                    "url_path": "campaign/promotion-merries-4000-get-1200-discount-6-19-oct-21"
                },
                {
                    "category_id": 41616,
                    "name": "Baby Diapers",
                    "level": 4,
                    "parent_id": 41615,
                    "url_key": "baby-diapers",
                    "url_path": "campaign/promotion-merries-4000-get-1200-discount-6-19-oct-21/baby-diapers"
                },
                {
                    "category_id": 41855,
                    "name": "Promotion Baby Diaper Subscription package 1 Nov - 31 Dec 21",
                    "level": 3,
                    "parent_id": 3358,
                    "url_key": "promotion-baby-diaper-subscription-package-1-nov-31-dec-21",
                    "url_path": "campaign/promotion-baby-diaper-subscription-package-1-nov-31-dec-21"
                },
                {
                    "category_id": 41856,
                    "name": "Baby Diapers",
                    "level": 4,
                    "parent_id": 41855,
                    "url_key": "baby-diapers",
                    "url_path": "campaign/promotion-baby-diaper-subscription-package-1-nov-31-dec-21/baby-diapers"
                },
                {
                    "category_id": 42304,
                    "name": "Promotion Mom and Kids Mega Sale On 20-26 Oct 21",
                    "level": 3,
                    "parent_id": 3358,
                    "url_key": "promotion-mom-and-kids-mega-sale-on-20-26-oct-21",
                    "url_path": "campaign/promotion-mom-and-kids-mega-sale-on-20-26-oct-21"
                },
                {
                    "category_id": 42312,
                    "name": "Baby Diapers",
                    "level": 4,
                    "parent_id": 42304,
                    "url_key": "baby-diapers",
                    "url_path": "campaign/promotion-mom-and-kids-mega-sale-on-20-26-oct-21/baby-diapers"
                },
                {
                    "category_id": 42315,
                    "name": "The 1 - Promotion Mom and Kids Mega Sale On 20-26 Oct 21",
                    "level": 3,
                    "parent_id": 3358,
                    "url_key": "the-1-promotion-mom-and-kids-mega-sale-on-20-26-oct-21",
                    "url_path": "campaign/the-1-promotion-mom-and-kids-mega-sale-on-20-26-oct-21"
                },
                {
                    "category_id": 42323,
                    "name": "Baby Diapers",
                    "level": 4,
                    "parent_id": 42315,
                    "url_key": "baby-diapers",
                    "url_path": "campaign/the-1-promotion-mom-and-kids-mega-sale-on-20-26-oct-21/baby-diapers"
                },
                {
                    "category_id": 42326,
                    "name": "TAP - Promotion Mom and Kids Mega Sale On 20-31 Oct 21",
                    "level": 3,
                    "parent_id": 3358,
                    "url_key": "tap-promotion-mom-and-kids-mega-sale-on-20-31-oct-21",
                    "url_path": "campaign/tap-promotion-mom-and-kids-mega-sale-on-20-31-oct-21"
                },
                {
                    "category_id": 42334,
                    "name": "Baby Diapers",
                    "level": 4,
                    "parent_id": 42326,
                    "url_key": "baby-diapers",
                    "url_path": "campaign/tap-promotion-mom-and-kids-mega-sale-on-20-31-oct-21/baby-diapers"
                },
                {
                    "category_id": 42337,
                    "name": "EDM - Promotion Mom and Kids Mega Sale (Merries) On 20-31 Oct 21",
                    "level": 3,
                    "parent_id": 3358,
                    "url_key": "edm-promotion-mom-and-kids-mega-sale-merries-on-20-31-oct-21",
                    "url_path": "campaign/edm-promotion-mom-and-kids-mega-sale-merries-on-20-31-oct-21"
                },
                {
                    "category_id": 42338,
                    "name": "Baby Diapers",
                    "level": 4,
                    "parent_id": 42337,
                    "url_key": "baby-diapers",
                    "url_path": "campaign/edm-promotion-mom-and-kids-mega-sale-merries-on-20-31-oct-21/baby-diapers"
                },
                {
                    "category_id": 42493,
                    "name": "Promotion Mom and Kids Free Bear Brand On 20 Oct - 2 Nov 21",
                    "level": 3,
                    "parent_id": 3358,
                    "url_key": "promotion-mom-and-kids-free-bear-brand-on-20-oct-2-nov-21",
                    "url_path": "campaign/promotion-mom-and-kids-free-bear-brand-on-20-oct-2-nov-21"
                },
                {
                    "category_id": 42496,
                    "name": "Baby Diapers",
                    "level": 4,
                    "parent_id": 42493,
                    "url_key": "baby-diapers",
                    "url_path": "campaign/promotion-mom-and-kids-free-bear-brand-on-20-oct-2-nov-21/baby-diapers"
                },
                {
                    "category_id": 43445,
                    "name": "Promotion Baby Diaper Free Celelac 3-30 Nov 21",
                    "level": 3,
                    "parent_id": 3358,
                    "url_key": "promotion-baby-diaper-free-celelac-3-30-nov-21",
                    "url_path": "campaign/promotion-baby-diaper-free-celelac-3-30-nov-21"
                },
                {
                    "category_id": 43446,
                    "name": "Baby Diapers",
                    "level": 4,
                    "parent_id": 43445,
                    "url_key": "baby-diapers",
                    "url_path": "campaign/promotion-baby-diaper-free-celelac-3-30-nov-21/baby-diapers"
                },
                {
                    "category_id": 43545,
                    "name": "Promotion Mom and Kids Winter On 3 Nov 21 - 11 Jan 22",
                    "level": 3,
                    "parent_id": 3358,
                    "url_key": "promotion-mom-and-kids-winter-on-3-nov-21-11-jan-22",
                    "url_path": "campaign/promotion-mom-and-kids-winter-on-3-nov-21-11-jan-22"
                },
                {
                    "category_id": 43554,
                    "name": "Baby Diapers",
                    "level": 4,
                    "parent_id": 43545,
                    "url_key": "baby-diapers",
                    "url_path": "campaign/promotion-mom-and-kids-winter-on-3-nov-21-11-jan-22/baby-diapers"
                },
                {
                    "category_id": 43790,
                    "name": "Promotion Crazy Price 11.11.2021 1pm",
                    "level": 3,
                    "parent_id": 3358,
                    "url_key": "promotion-crazy-price-11-11-2021-1pm",
                    "url_path": "campaign/promotion-crazy-price-11-11-2021-1pm"
                },
                {
                    "category_id": 43799,
                    "name": "Mom &amp; Kids",
                    "level": 4,
                    "parent_id": 43790,
                    "url_key": "mom-kids",
                    "url_path": "campaign/promotion-crazy-price-11-11-2021-1pm/mom-kids"
                },
                {
                    "category_id": 43801,
                    "name": "Promotion Crazy Price 11.11.2021 9am",
                    "level": 3,
                    "parent_id": 3358,
                    "url_key": "promotion-crazy-price-11-11-2021-9am",
                    "url_path": "campaign/promotion-crazy-price-11-11-2021-9am"
                },
                {
                    "category_id": 43811,
                    "name": "Mom &amp; Kids",
                    "level": 4,
                    "parent_id": 43801,
                    "url_key": "mom-kids",
                    "url_path": "campaign/promotion-crazy-price-11-11-2021-9am/mom-kids"
                },
                {
                    "category_id": 43812,
                    "name": "Promotion Crazy Price 11.11.2021 4pm",
                    "level": 3,
                    "parent_id": 3358,
                    "url_key": "promotion-crazy-price-11-11-2021-4pm",
                    "url_path": "campaign/promotion-crazy-price-11-11-2021-4pm"
                },
                {
                    "category_id": 43822,
                    "name": "Mom &amp; Kids",
                    "level": 4,
                    "parent_id": 43812,
                    "url_key": "mom-kids",
                    "url_path": "campaign/promotion-crazy-price-11-11-2021-4pm/mom-kids"
                },
                {
                    "category_id": 44752,
                    "name": "The1 - Merries Brand Deal On 1-14 Dec 21",
                    "level": 3,
                    "parent_id": 3358,
                    "url_key": "the1-merries-brand-deal-on-1-14-dec-21",
                    "url_path": "campaign/the1-merries-brand-deal-on-1-14-dec-21"
                },
                {
                    "category_id": 44753,
                    "name": "Baby Diapers",
                    "level": 4,
                    "parent_id": 44752,
                    "url_key": "baby-diapers",
                    "url_path": "campaign/the1-merries-brand-deal-on-1-14-dec-21/baby-diapers"
                },
                {
                    "category_id": 44890,
                    "name": "Promotion Best Deal On 1-7 Dec 2021",
                    "level": 3,
                    "parent_id": 3360,
                    "url_key": "promotion-best-deal-on-1-7-dec-2021",
                    "url_path": "best-deal/promotion-best-deal-on-1-7-dec-2021"
                },
                {
                    "category_id": 44895,
                    "name": "Mom &amp; Kids",
                    "level": 4,
                    "parent_id": 44890,
                    "url_key": "mom-kids",
                    "url_path": "best-deal/promotion-best-deal-on-1-7-dec-2021/mom-kids"
                },
                {
                    "category_id": 44907,
                    "name": "Promotion Merries Top Spender 1-28 Dec 21",
                    "level": 3,
                    "parent_id": 3358,
                    "url_key": "promotion-merries-top-spender-1-28-dec-21",
                    "url_path": "campaign/promotion-merries-top-spender-1-28-dec-21"
                },
                {
                    "category_id": 44908,
                    "name": "Baby Diapers Pants",
                    "level": 4,
                    "parent_id": 44907,
                    "url_key": "baby-diapers-pants",
                    "url_path": "campaign/promotion-merries-top-spender-1-28-dec-21/baby-diapers-pants"
                },
                {
                    "category_id": 45108,
                    "name": "Promotion Mom and Baby Get Leaf Fruit Bar 1-14 Dec 21",
                    "level": 3,
                    "parent_id": 3358,
                    "url_key": "promotion-mom-and-baby-get-leaf-fruit-bar-1-14-dec-21",
                    "url_path": "campaign/promotion-mom-and-baby-get-leaf-fruit-bar-1-14-dec-21"
                },
                {
                    "category_id": 45122,
                    "name": "Baby Diapers Pants",
                    "level": 4,
                    "parent_id": 45108,
                    "url_key": "baby-diapers-pants",
                    "url_path": "campaign/promotion-mom-and-baby-get-leaf-fruit-bar-1-14-dec-21/baby-diapers-pants"
                },
                {
                    "category_id": 50125,
                    "name": "Promotion Crazy Price 12.12.2021 1pm",
                    "level": 3,
                    "parent_id": 3358,
                    "url_key": "promotion-crazy-price-12-12-2021-1pm",
                    "url_path": "campaign/promotion-crazy-price-12-12-2021-1pm"
                },
                {
                    "category_id": 50134,
                    "name": "Mom &amp; Kids",
                    "level": 4,
                    "parent_id": 50125,
                    "url_key": "mom-kids",
                    "url_path": "campaign/promotion-crazy-price-12-12-2021-1pm/mom-kids"
                },
                {
                    "category_id": 50136,
                    "name": "Promotion Crazy Price 12.12.2021 9am",
                    "level": 3,
                    "parent_id": 3358,
                    "url_key": "promotion-crazy-price-12-12-2021-9am",
                    "url_path": "campaign/promotion-crazy-price-12-12-2021-9am"
                },
                {
                    "category_id": 50145,
                    "name": "Mom &amp; Kids",
                    "level": 4,
                    "parent_id": 50136,
                    "url_key": "mom-kids",
                    "url_path": "campaign/promotion-crazy-price-12-12-2021-9am/mom-kids"
                },
                {
                    "category_id": 50147,
                    "name": "Promotion Crazy Price 12.12.2021 4pm",
                    "level": 3,
                    "parent_id": 3358,
                    "url_key": "promotion-crazy-price-12-12-2021-4pm",
                    "url_path": "campaign/promotion-crazy-price-12-12-2021-4pm"
                },
                {
                    "category_id": 50156,
                    "name": "Mom &amp; Kids",
                    "level": 4,
                    "parent_id": 50147,
                    "url_key": "mom-kids",
                    "url_path": "campaign/promotion-crazy-price-12-12-2021-4pm/mom-kids"
                },
                {
                    "category_id": 50732,
                    "name": "Promotion Best Deal On 22-28 Dec 2021",
                    "level": 3,
                    "parent_id": 3360,
                    "url_key": "promotion-best-deal-on-22-28-dec-2021",
                    "url_path": "best-deal/promotion-best-deal-on-22-28-dec-2021"
                },
                {
                    "category_id": 50739,
                    "name": "Mom &amp; Kids",
                    "level": 4,
                    "parent_id": 50732,
                    "url_key": "mom-kids",
                    "url_path": "best-deal/promotion-best-deal-on-22-28-dec-2021/mom-kids"
                },
                {
                    "category_id": 51141,
                    "name": "Promotion Baby&amp;Me 5-11 Jan 2022",
                    "level": 3,
                    "parent_id": 3358,
                    "url_key": "promotion-babyme-5-11-jan-2022",
                    "url_path": "campaign/promotion-babyme-5-11-jan-2022"
                },
                {
                    "category_id": 51152,
                    "name": "Baby Diapers",
                    "level": 4,
                    "parent_id": 51141,
                    "url_key": "baby-diapers",
                    "url_path": "campaign/promotion-babyme-5-11-jan-2022/baby-diapers"
                },
                {
                    "category_id": 51633,
                    "name": "Promotion Mom&amp;kids free delivery 19 Jan - 19 Feb 22",
                    "level": 3,
                    "parent_id": 3358,
                    "url_key": "promotion-momkids-free-delivery-19-jan-19-feb-22",
                    "url_path": "campaign/promotion-momkids-free-delivery-19-jan-19-feb-22"
                },
                {
                    "category_id": 51635,
                    "name": "Baby Diapers Pants",
                    "level": 4,
                    "parent_id": 51633,
                    "url_key": "baby-diapers-pants",
                    "url_path": "campaign/promotion-momkids-free-delivery-19-jan-19-feb-22/baby-diapers-pants"
                },
                {
                    "category_id": 51781,
                    "name": "Diapers",
                    "level": 3,
                    "parent_id": 51755,
                    "url_key": "diapers",
                    "url_path": "kao-brand-day-jan-2022/diapers"
                },
                {
                    "category_id": 51782,
                    "name": "Baby Diapers Pants",
                    "level": 4,
                    "parent_id": 51781,
                    "url_key": "baby-diapers-pants",
                    "url_path": "kao-brand-day-jan-2022/diapers/baby-diapers-pants"
                },
                {
                    "category_id": 52589,
                    "name": "Promotion The1 baby diaper get discount 16-26 feb 22",
                    "level": 3,
                    "parent_id": 3358,
                    "url_key": "promotion-the1-baby-diaper-get-discount-16-26-feb-22",
                    "url_path": "campaign/promotion-the1-baby-diaper-get-discount-16-26-feb-22"
                },
                {
                    "category_id": 52591,
                    "name": "Baby Diapers Pants",
                    "level": 4,
                    "parent_id": 52589,
                    "url_key": "baby-diapers-pants",
                    "url_path": "campaign/promotion-the1-baby-diaper-get-discount-16-26-feb-22/baby-diapers-pants"
                }
            ],
            "small_image": "/4/9/4901301259691_04-01-2022_1.jpg",
            "image": "/4/9/4901301259691_04-01-2022_1.jpg",
            "thumbnail": "/4/9/4901301259691_04-01-2022_1.jpg",
            "visibility": 4,
            "price": 769,
            "price_discount": 13,
            "price_saving": 100,
            "special_price": 669,
            "special_from_date": "2022-02-16 00:00:00",
            "special_to_date": "2022-03-01 23:59:59",
            "promotion_no": [
                "2300003723"
            ],
            "promotion_type": [
                "B1GV"
            ],
            "promotion_start": "2022-02-15 17:00:00",
            "promotion_end": "2022-03-01 17:00:00",
            "extension_attributes": {
                "stock_item": {
                    "qty": 9,
                    "max_sale_qty": 24,
                    "is_in_stock": true,
                    "min_qty": 0,
                    "min_sale_qty": 1
                },
                "promotion": {
                    "promotion_no": "2300003723",
                    "type": "B1GV",
                    "amount": 20,
                    "start_date_unix": 1644944400,
                    "start_date": "2022-02-15 17:00:00",
                    "end_date_unix": 1646154000,
                    "end_date": "2022-03-01 17:00:00"
                },
                "gtm_data": {
                    "brand_en": "MERRIES",
                    "product_name_en": "Merries Baby Diaper Pants Size M 74pcs.",
                    "category_en": "2607&gt;Baby Diapers Pants",
                    "category_id_level_two": null
                }
            },
            "is_seasonal": "0",
            "custom_attributes_option": [
                {
                    "attribute_code": "consumer_unit",
                    "value": "pack",
                    "position": 0
                },
                {
                    "attribute_code": "weight_item_ind",
                    "value": "0",
                    "position": 0
                },
                {
                    "attribute_code": "item_remark",
                    "value": "Cut and Cooking Method Remark",
                    "position": 0
                },
                {
                    "attribute_code": "is_seasonal",
                    "value": "0",
                    "position": 0
                },
                {
                    "attribute_code": "package_uom",
                    "value": "PPCS",
                    "position": 0
                },
                {
                    "attribute_code": "campaign_name",
                    "value": "none",
                    "position": 0
                },
                {
                    "attribute_code": "local_import",
                    "value": "Import",
                    "position": 0
                },
                {
                    "attribute_code": "promotion_end",
                    "value": "2022-03-01 17:00:00",
                    "position": 0
                },
                {
                    "attribute_code": "small_image",
                    "value": "/4/9/4901301259691_04-01-2022_1.jpg",
                    "position": 0
                },
                {
                    "attribute_code": "image",
                    "value": "/4/9/4901301259691_04-01-2022_1.jpg",
                    "position": 0
                },
                {
                    "attribute_code": "thumbnail",
                    "value": "/4/9/4901301259691_04-01-2022_1.jpg",
                    "position": 0
                },
                {
                    "attribute_code": "special_price",
                    "value": 669,
                    "position": 0
                },
                {
                    "attribute_code": "special_from_date",
                    "value": "2022-02-16 00:00:00",
                    "position": 0
                },
                {
                    "attribute_code": "special_to_date",
                    "value": "2022-03-01 23:59:59",
                    "position": 0
                }
            ],
            "custom_attributes": [
                {
                    "attribute_code": "consumer_unit",
                    "name": "consumer_unit",
                    "value": "pack",
                    "label": "Consumer Unit"
                },
                {
                    "attribute_code": "weight_item_ind",
                    "name": "weight_item_ind",
                    "value": "0",
                    "label": "Weight Item Ind"
                },
                {
                    "attribute_code": "item_remark",
                    "name": "item_remark",
                    "value": "Cut and Cooking Method Remark",
                    "label": "Item Remark"
                },
                {
                    "attribute_code": "is_seasonal",
                    "name": "is_seasonal",
                    "value": "0",
                    "label": "Is Seasonal"
                },
                {
                    "attribute_code": "package_uom",
                    "name": "package_uom",
                    "value": "PPCS",
                    "label": "Package Uom"
                },
                {
                    "attribute_code": "campaign_name",
                    "name": "campaign_name",
                    "value": "none",
                    "label": "Campaign Name"
                },
                {
                    "attribute_code": "local_import",
                    "name": "local_import",
                    "value": "Import",
                    "label": "Local Import"
                },
                {
                    "attribute_code": "promotion_end",
                    "name": "promotion_end",
                    "value": "2022-03-01 17:00:00",
                    "label": "Promotion End"
                },
                {
                    "attribute_code": "small_image",
                    "name": "small_image",
                    "value": "/4/9/4901301259691_04-01-2022_1.jpg",
                    "label": "Small Image"
                },
                {
                    "attribute_code": "image",
                    "name": "image",
                    "value": "/4/9/4901301259691_04-01-2022_1.jpg",
                    "label": "Image"
                },
                {
                    "attribute_code": "thumbnail",
                    "name": "thumbnail",
                    "value": "/4/9/4901301259691_04-01-2022_1.jpg",
                    "label": "Thumbnail"
                },
                {
                    "attribute_code": "special_price",
                    "name": "special_price",
                    "value": 669,
                    "label": "Special Price"
                },
                {
                    "attribute_code": "special_from_date",
                    "name": "special_from_date",
                    "value": "2022-02-16 00:00:00",
                    "label": "Special From Date"
                },
                {
                    "attribute_code": "special_to_date",
                    "name": "special_to_date",
                    "value": "2022-03-01 23:59:59",
                    "label": "Special To Date"
                }
            ],
            "objectID": "87104-tops_sa_432_en",
            "algoliaLastUpdateAtCET": "2022-02-16 04:45:46",
            "status": 1,
            "algoliaData": {
                "objectID": "87104-tops_sa_432_en",
                "queryID": "316196d88485f5ab499656e5b1260900",
                "indexName": "tops_prod_default_products",
                "query": "4901301259691",
                "position": 1,
                "offset_position": 1,
                "searchPlp": true
            }
        }
    ],
    "filters": [
        {
            "attribute_code": "category_id",
            "name": "Categories",
            "position": 0,
            "quickFilter": true,
            "items": [
                {
                    "item_count": 1,
                    "label": "Baby Diapers Pants",
                    "value": 2607,
                    "custom_attributes": {
                        "level": 4,
                        "id": 2607,
                        "entity_id": "2607",
                        "parent_id": 2606,
                        "position": 1,
                        "url_key": "baby-diapers-pants",
                        "url_path": "mom-and-kids/baby-diapers/baby-diapers-pants",
                        "children": "",
                        "icon_square": "Baby-Diapers-Pant.png",
                        "is_active": true,
                        "name": "Baby Diapers Pants",
                        "extension_attributes": {
                            "product_count": 1
                        },
                        "product_count": 1,
                        "store_code": "tops_sa_432_en"
                    }
                },
                {
                    "item_count": 1,
                    "label": "Baby Diapers Pants",
                    "value": 15273,
                    "custom_attributes": {
                        "level": 4,
                        "id": 15273,
                        "entity_id": "15273",
                        "parent_id": 15271,
                        "position": 2,
                        "url_key": "baby-diapers-pants",
                        "url_path": "shop-by-brands/merries/baby-diapers-pants",
                        "children": "",
                        "icon_square": "4901301230676_ic.png",
                        "is_active": true,
                        "name": "Baby Diapers Pants",
                        "extension_attributes": {
                            "product_count": 1
                        },
                        "product_count": 1,
                        "store_code": "tops_sa_432_en"
                    }
                },
                {
                    "item_count": 1,
                    "label": "Baby Diapers Pants",
                    "value": 23546,
                    "custom_attributes": {
                        "level": 4,
                        "id": 23546,
                        "entity_id": "23546",
                        "parent_id": 23545,
                        "position": 1,
                        "url_key": "baby-diapers-pants",
                        "url_path": "shop-by-brands/merries-pants/baby-diapers-pants",
                        "children": "",
                        "icon_square": "",
                        "is_active": true,
                        "name": "Baby Diapers Pants",
                        "extension_attributes": {
                            "product_count": 1
                        },
                        "product_count": 1,
                        "store_code": "tops_sa_432_en"
                    }
                },
                {
                    "item_count": 1,
                    "label": "Baby Diapers",
                    "value": 39362,
                    "custom_attributes": {
                        "level": 4,
                        "id": 39362,
                        "entity_id": "39362",
                        "parent_id": 39358,
                        "position": 1,
                        "url_key": "baby-diapers",
                        "url_path": "shop-by-brands/baby-me/baby-diapers",
                        "children": "",
                        "icon_square": "8851111449019_2.png",
                        "is_active": true,
                        "name": "Baby Diapers",
                        "extension_attributes": {
                            "product_count": 1
                        },
                        "product_count": 1,
                        "store_code": "tops_sa_432_en"
                    }
                },
                {
                    "item_count": 1,
                    "label": "Baby Diapers",
                    "value": 39384,
                    "custom_attributes": {
                        "level": 4,
                        "id": 39384,
                        "entity_id": "39384",
                        "parent_id": 39383,
                        "position": 1,
                        "url_key": "baby-diapers",
                        "url_path": "shop-by-brands/baby-me-big-pack/baby-diapers",
                        "children": "",
                        "icon_square": "",
                        "is_active": true,
                        "name": "Baby Diapers",
                        "extension_attributes": {
                            "product_count": 1
                        },
                        "product_count": 1,
                        "store_code": "tops_sa_432_en"
                    }
                },
                {
                    "item_count": 1,
                    "label": "Diaper",
                    "value": 39633,
                    "custom_attributes": {
                        "level": 4,
                        "id": 39633,
                        "entity_id": "39633",
                        "parent_id": 39616,
                        "position": 1,
                        "url_key": "diaper",
                        "url_path": "mom-and-kids/toddler-1-3year/diaper",
                        "children": "",
                        "icon_square": "Toddler_1-3year_Diaper-ic.png",
                        "is_active": true,
                        "name": "Diaper",
                        "extension_attributes": {
                            "product_count": 1
                        },
                        "product_count": 1,
                        "store_code": "tops_sa_432_en"
                    }
                },
                {
                    "item_count": 1,
                    "label": "Baby Diapers",
                    "value": 39875,
                    "custom_attributes": {
                        "level": 4,
                        "id": 39875,
                        "entity_id": "39875",
                        "parent_id": 39874,
                        "position": 1,
                        "url_key": "baby-diapers",
                        "url_path": "corporate/1-baht-1-point-1-8-21-sep-21/baby-diapers",
                        "children": "",
                        "icon_square": "",
                        "is_active": true,
                        "name": "Baby Diapers",
                        "extension_attributes": {
                            "product_count": 1
                        },
                        "product_count": 1,
                        "store_code": "tops_sa_432_en"
                    }
                },
                {
                    "item_count": 1,
                    "label": "Baby Diapers",
                    "value": 40302,
                    "custom_attributes": {
                        "level": 4,
                        "id": 40302,
                        "entity_id": "40302",
                        "parent_id": 40289,
                        "position": 13,
                        "url_key": "baby-diapers",
                        "url_path": "campaign/promotion-nestle-x-merries-get-discount-on-22-sep-5-oct-21/baby-diapers",
                        "children": "",
                        "icon_square": "4901301230843_e5-3-2020_3.png",
                        "is_active": true,
                        "name": "Baby Diapers",
                        "extension_attributes": {
                            "product_count": 1
                        },
                        "product_count": 1,
                        "store_code": "tops_sa_432_en"
                    }
                },
                {
                    "item_count": 1,
                    "label": "Baby Diapers",
                    "value": 41324,
                    "custom_attributes": {
                        "level": 4,
                        "id": 41324,
                        "entity_id": "41324",
                        "parent_id": 41323,
                        "position": 1,
                        "url_key": "baby-diapers",
                        "url_path": "shop-by-brands/merries-baby-diaper-pants/baby-diapers",
                        "children": "",
                        "icon_square": "",
                        "is_active": true,
                        "name": "Baby Diapers",
                        "extension_attributes": {
                            "product_count": 1
                        },
                        "product_count": 1,
                        "store_code": "tops_sa_432_en"
                    }
                },
                {
                    "item_count": 1,
                    "label": "Baby Diapers",
                    "value": 41616,
                    "custom_attributes": {
                        "level": 4,
                        "id": 41616,
                        "entity_id": "41616",
                        "parent_id": 41615,
                        "position": 1,
                        "url_key": "baby-diapers",
                        "url_path": "campaign/promotion-merries-4000-get-1200-discount-6-19-oct-21/baby-diapers",
                        "children": "",
                        "icon_square": "4901301230843_e5-3-2020_4.png",
                        "is_active": true,
                        "name": "Baby Diapers",
                        "extension_attributes": {
                            "product_count": 1
                        },
                        "product_count": 1,
                        "store_code": "tops_sa_432_en"
                    }
                },
                {
                    "item_count": 1,
                    "label": "Baby Diapers",
                    "value": 41856,
                    "custom_attributes": {
                        "level": 4,
                        "id": 41856,
                        "entity_id": "41856",
                        "parent_id": 41855,
                        "position": 1,
                        "url_key": "baby-diapers",
                        "url_path": "campaign/promotion-baby-diaper-subscription-package-1-nov-31-dec-21/baby-diapers",
                        "children": "",
                        "icon_square": "",
                        "is_active": true,
                        "name": "Baby Diapers",
                        "extension_attributes": {
                            "product_count": 1
                        },
                        "product_count": 1,
                        "store_code": "tops_sa_432_en"
                    }
                },
                {
                    "item_count": 1,
                    "label": "Baby Diapers",
                    "value": 42312,
                    "custom_attributes": {
                        "level": 4,
                        "id": 42312,
                        "entity_id": "42312",
                        "parent_id": 42304,
                        "position": 8,
                        "url_key": "baby-diapers",
                        "url_path": "campaign/promotion-mom-and-kids-mega-sale-on-20-26-oct-21/baby-diapers",
                        "children": "",
                        "icon_square": "",
                        "is_active": true,
                        "name": "Baby Diapers",
                        "extension_attributes": {
                            "product_count": 1
                        },
                        "product_count": 1,
                        "store_code": "tops_sa_432_en"
                    }
                },
                {
                    "item_count": 1,
                    "label": "Baby Diapers",
                    "value": 42323,
                    "custom_attributes": {
                        "level": 4,
                        "id": 42323,
                        "entity_id": "42323",
                        "parent_id": 42315,
                        "position": 8,
                        "url_key": "baby-diapers",
                        "url_path": "campaign/the-1-promotion-mom-and-kids-mega-sale-on-20-26-oct-21/baby-diapers",
                        "children": "",
                        "icon_square": "",
                        "is_active": true,
                        "name": "Baby Diapers",
                        "extension_attributes": {
                            "product_count": 1
                        },
                        "product_count": 1,
                        "store_code": "tops_sa_432_en"
                    }
                },
                {
                    "item_count": 1,
                    "label": "Baby Diapers",
                    "value": 42334,
                    "custom_attributes": {
                        "level": 4,
                        "id": 42334,
                        "entity_id": "42334",
                        "parent_id": 42326,
                        "position": 8,
                        "url_key": "baby-diapers",
                        "url_path": "campaign/tap-promotion-mom-and-kids-mega-sale-on-20-31-oct-21/baby-diapers",
                        "children": "",
                        "icon_square": "",
                        "is_active": true,
                        "name": "Baby Diapers",
                        "extension_attributes": {
                            "product_count": 1
                        },
                        "product_count": 1,
                        "store_code": "tops_sa_432_en"
                    }
                },
                {
                    "item_count": 1,
                    "label": "Baby Diapers",
                    "value": 42338,
                    "custom_attributes": {
                        "level": 4,
                        "id": 42338,
                        "entity_id": "42338",
                        "parent_id": 42337,
                        "position": 1,
                        "url_key": "baby-diapers",
                        "url_path": "campaign/edm-promotion-mom-and-kids-mega-sale-merries-on-20-31-oct-21/baby-diapers",
                        "children": "",
                        "icon_square": "",
                        "is_active": true,
                        "name": "Baby Diapers",
                        "extension_attributes": {
                            "product_count": 1
                        },
                        "product_count": 1,
                        "store_code": "tops_sa_432_en"
                    }
                },
                {
                    "item_count": 1,
                    "label": "Baby Diapers",
                    "value": 42496,
[...]
<status status="PASS" starttime="20220216 18:23:49.843" endtime="20220216 18:23:50.334"/>
</kw>
<kw name="Get product information to validate" library="get_product_api">
<var>${product_info}</var>
<arg>${response}</arg>
<kw name="Get data verify product detail from response" library="get_product_api">
<var>${product_data}</var>
<arg>${response}</arg>
<kw name="Set Variable" library="BuiltIn">
<var>${products}</var>
<arg>${response}[products]</arg>
<doc>Returns the given values which can then be assigned to a variables.</doc>
<msg timestamp="20220216 18:23:50.336" level="INFO">${products} = [{'id': 87104, 'store_id': 17, 'store_code': 'tops_sa_432_en', 'name': 'Merries Baby Diaper Pants Size M 74pcs.', 'type_id': 'simple', 'rating_summary': 0, 'sku': '4901301259691', 'brand_name': 'MERRI...</msg>
<status status="PASS" starttime="20220216 18:23:50.335" endtime="20220216 18:23:50.336"/>
</kw>
<kw name="Set Variable" library="BuiltIn">
<var>${first_product}</var>
<arg>${products}[0]</arg>
<doc>Returns the given values which can then be assigned to a variables.</doc>
<msg timestamp="20220216 18:23:50.336" level="INFO">${first_product} = {'id': 87104, 'store_id': 17, 'store_code': 'tops_sa_432_en', 'name': 'Merries Baby Diaper Pants Size M 74pcs.', 'type_id': 'simple', 'rating_summary': 0, 'sku': '4901301259691', 'brand_name': 'MERRIE...</msg>
<status status="PASS" starttime="20220216 18:23:50.336" endtime="20220216 18:23:50.336"/>
</kw>
<kw name="Set Variable" library="BuiltIn">
<var>${sku}</var>
<arg>${first_product}[sku]</arg>
<doc>Returns the given values which can then be assigned to a variables.</doc>
<msg timestamp="20220216 18:23:50.337" level="INFO">${sku} = 4901301259691</msg>
<status status="PASS" starttime="20220216 18:23:50.336" endtime="20220216 18:23:50.337"/>
</kw>
<kw name="Set Variable" library="BuiltIn">
<var>${name}</var>
<arg>${first_product}[name]</arg>
<doc>Returns the given values which can then be assigned to a variables.</doc>
<msg timestamp="20220216 18:23:50.337" level="INFO">${name} = Merries Baby Diaper Pants Size M 74pcs.</msg>
<status status="PASS" starttime="20220216 18:23:50.337" endtime="20220216 18:23:50.337"/>
</kw>
<kw name="Set Variable" library="BuiltIn">
<var>${price}</var>
<arg>${first_product}[price]</arg>
<doc>Returns the given values which can then be assigned to a variables.</doc>
<msg timestamp="20220216 18:23:50.337" level="INFO">${price} = 769</msg>
<status status="PASS" starttime="20220216 18:23:50.337" endtime="20220216 18:23:50.337"/>
</kw>
<kw name="Set Variable" library="BuiltIn">
<var>${price_discount}</var>
<arg>${first_product}[price_discount]</arg>
<doc>Returns the given values which can then be assigned to a variables.</doc>
<msg timestamp="20220216 18:23:50.338" level="INFO">${price_discount} = 13</msg>
<status status="PASS" starttime="20220216 18:23:50.338" endtime="20220216 18:23:50.338"/>
</kw>
<kw name="Create Dictionary" library="BuiltIn">
<var>&amp;{product_data}</var>
<arg>sku=${sku}</arg>
<arg>name=${name}</arg>
<arg>price=${price}</arg>
<arg>price_discount=${price_discount}</arg>
<doc>Creates and returns a dictionary based on the given ``items``.</doc>
<msg timestamp="20220216 18:23:50.338" level="INFO">&amp;{product_data} = { sku=4901301259691 | name=Merries Baby Diaper Pants Size M 74pcs. | price=769 | price_discount=13 }</msg>
<status status="PASS" starttime="20220216 18:23:50.338" endtime="20220216 18:23:50.338"/>
</kw>
<msg timestamp="20220216 18:23:50.339" level="INFO">${product_data} = {'sku': '4901301259691', 'name': 'Merries Baby Diaper Pants Size M 74pcs.', 'price': 769, 'price_discount': 13}</msg>
<status status="PASS" starttime="20220216 18:23:50.335" endtime="20220216 18:23:50.339"/>
</kw>
<kw name="Get price with discount" library="get_product_api">
<var>${current_price}</var>
<arg>${product_data.price}</arg>
<arg>${product_data.price_discount}</arg>
<kw name="Convert To Number" library="BuiltIn">
<var>${price}</var>
<arg>${price}</arg>
<doc>Converts the given item to a floating point number.</doc>
<msg timestamp="20220216 18:23:50.340" level="INFO">${price} = 769.0</msg>
<status status="PASS" starttime="20220216 18:23:50.340" endtime="20220216 18:23:50.340"/>
</kw>
<kw name="Convert To Number" library="BuiltIn">
<var>${price_discount}</var>
<arg>${price_discount}</arg>
<doc>Converts the given item to a floating point number.</doc>
<msg timestamp="20220216 18:23:50.341" level="INFO">${price_discount} = 13.0</msg>
<status status="PASS" starttime="20220216 18:23:50.340" endtime="20220216 18:23:50.341"/>
</kw>
<kw name="Evaluate" library="BuiltIn">
<var>${current_price}</var>
<arg>${price}-(${price}*${price_discount}/100)</arg>
<doc>Evaluates the given expression in Python and returns the result.</doc>
<msg timestamp="20220216 18:23:50.341" level="INFO">${current_price} = 669.03</msg>
<status status="PASS" starttime="20220216 18:23:50.341" endtime="20220216 18:23:50.341"/>
</kw>
<kw name="Convert To Integer" library="BuiltIn">
<var>${current_price}</var>
<arg>${current_price}</arg>
<doc>Converts the given item to an integer number.</doc>
<msg timestamp="20220216 18:23:50.341" level="INFO">${current_price} = 669</msg>
<status status="PASS" starttime="20220216 18:23:50.341" endtime="20220216 18:23:50.341"/>
</kw>
<kw name="Convert to 2 digits" library="common">
<var>${current_price}</var>
<arg>${current_price}</arg>
<doc>Convert to 2 digits</doc>
<kw name="Convert To Number" library="BuiltIn">
<var>${to_number}</var>
<arg>${number}</arg>
<arg>2</arg>
<doc>Converts the given item to a floating point number.</doc>
<msg timestamp="20220216 18:23:50.342" level="INFO">${to_number} = 669.0</msg>
<status status="PASS" starttime="20220216 18:23:50.342" endtime="20220216 18:23:50.342"/>
</kw>
<kw name="Evaluate" library="BuiltIn">
<var>${two_digits}</var>
<arg>"%.2f" % ${to_number}</arg>
<doc>Evaluates the given expression in Python and returns the result.</doc>
<msg timestamp="20220216 18:23:50.342" level="INFO">${two_digits} = 669.00</msg>
<status status="PASS" starttime="20220216 18:23:50.342" endtime="20220216 18:23:50.343"/>
</kw>
<msg timestamp="20220216 18:23:50.343" level="INFO">${current_price} = 669.00</msg>
<status status="PASS" starttime="20220216 18:23:50.341" endtime="20220216 18:23:50.343"/>
</kw>
<msg timestamp="20220216 18:23:50.343" level="INFO">${current_price} = 669.00</msg>
<status status="PASS" starttime="20220216 18:23:50.339" endtime="20220216 18:23:50.343"/>
</kw>
<kw name="Create Dictionary" library="BuiltIn">
<var>&amp;{product_info}</var>
<arg>sku=${product_data.sku}</arg>
<arg>name=${product_data.name}</arg>
<arg>price=${current_price}</arg>
<doc>Creates and returns a dictionary based on the given ``items``.</doc>
<msg timestamp="20220216 18:23:50.345" level="INFO">&amp;{product_info} = { sku=4901301259691 | name=Merries Baby Diaper Pants Size M 74pcs. | price=669.00 }</msg>
<status status="PASS" starttime="20220216 18:23:50.343" endtime="20220216 18:23:50.345"/>
</kw>
<msg timestamp="20220216 18:23:50.346" level="INFO">${product_info} = {'sku': '4901301259691', 'name': 'Merries Baby Diaper Pants Size M 74pcs.', 'price': '669.00'}</msg>
<status status="PASS" starttime="20220216 18:23:50.334" endtime="20220216 18:23:50.346"/>
</kw>
<kw name="Search product by value" library="search_keywords">
<arg>${product_info.sku}</arg>
<doc>Input search value</doc>
<kw name="Input search bar" library="home_page">
<arg>${value}</arg>
<doc>Input search value to search text box</doc>
<kw name="Clear Element Text" library="SeleniumLibrary">
<arg>${home_page.search_bar}</arg>
<doc>Clears the value of the text-input-element identified by ``locator``.</doc>
<status status="PASS" starttime="20220216 18:23:50.347" endtime="20220216 18:23:50.381"/>
</kw>
<kw name="Input Text To Element When Ready" library="common">
<arg>${home_page.search_bar}</arg>
<arg>${value}</arg>
<kw name="Wait web element is visible" library="common">
<arg>${location}</arg>
<kw name="Wait Until Element Is Visible" library="SeleniumLibrary">
<arg>${location}</arg>
<arg>${timeout}</arg>
<doc>Waits until the element ``locator`` is visible.</doc>
<status status="PASS" starttime="20220216 18:23:50.382" endtime="20220216 18:23:50.403"/>
</kw>
<status status="PASS" starttime="20220216 18:23:50.382" endtime="20220216 18:23:50.403"/>
</kw>
<kw name="Input Text" library="SeleniumLibrary">
<arg>${location}</arg>
<arg>${text}</arg>
<doc>Types the given ``text`` into the text field identified by ``locator``.</doc>
<msg timestamp="20220216 18:23:50.404" level="INFO">Typing text '4901301259691' into text field 'xpath=//div[contains(@class,"HeaderLogin")]//input[@placeholder="Search product name or brand"]'.</msg>
<status status="PASS" starttime="20220216 18:23:50.404" endtime="20220216 18:23:50.564"/>
</kw>
<status status="PASS" starttime="20220216 18:23:50.381" endtime="20220216 18:23:50.565"/>
</kw>
<status status="PASS" starttime="20220216 18:23:50.347" endtime="20220216 18:23:50.565"/>
</kw>
<kw name="Check search value" library="home_page">
<arg>${value}</arg>
<doc>Check search value has submited</doc>
<kw name="Replace String" library="String">
<var>${search_value}</var>
<arg>${home_page.search_value}</arg>
<arg>$type_value</arg>
<arg>${value}</arg>
<doc>Replaces ``search_for`` in the given ``string`` with ``replace_with``.</doc>
<msg timestamp="20220216 18:23:50.566" level="INFO">${search_value} = xpath=//input[contains(@class,"SearchBox") and @value="4901301259691"]</msg>
<status status="PASS" starttime="20220216 18:23:50.565" endtime="20220216 18:23:50.566"/>
</kw>
<kw name="Wait web element is visible" library="common">
<arg>${search_value}</arg>
<kw name="Wait Until Element Is Visible" library="SeleniumLibrary">
<arg>${location}</arg>
<arg>${timeout}</arg>
<doc>Waits until the element ``locator`` is visible.</doc>
<status status="PASS" starttime="20220216 18:23:50.566" endtime="20220216 18:23:50.585"/>
</kw>
<status status="PASS" starttime="20220216 18:23:50.566" endtime="20220216 18:23:50.586"/>
</kw>
<status status="PASS" starttime="20220216 18:23:50.565" endtime="20220216 18:23:50.586"/>
</kw>
<status status="PASS" starttime="20220216 18:23:50.346" endtime="20220216 18:23:50.586"/>
</kw>
<kw name="Go to product detail" library="home_page">
<arg>${product_info.sku}</arg>
<doc>Click to product detail</doc>
<kw name="Replace String" library="String">
<var>${product_sku}</var>
<arg>${home_page.product}</arg>
<arg>$product_sku</arg>
<arg>${sku}</arg>
<doc>Replaces ``search_for`` in the given ``string`` with ``replace_with``.</doc>
<msg timestamp="20220216 18:23:50.588" level="INFO">${product_sku} = xpath=//div[@id='category-page']//div[@data-productid='4901301259691']</msg>
<status status="PASS" starttime="20220216 18:23:50.587" endtime="20220216 18:23:50.588"/>
</kw>
<kw name="Click Element When Ready" library="common">
<arg>${product_sku}</arg>
<kw name="Wait web element is visible" library="common">
<arg>${location}</arg>
<kw name="Wait Until Element Is Visible" library="SeleniumLibrary">
<arg>${location}</arg>
<arg>${timeout}</arg>
<doc>Waits until the element ``locator`` is visible.</doc>
<status status="PASS" starttime="20220216 18:23:50.588" endtime="20220216 18:23:51.589"/>
</kw>
<status status="PASS" starttime="20220216 18:23:50.588" endtime="20220216 18:23:51.590"/>
</kw>
<kw name="Click Element" library="SeleniumLibrary">
<arg>${location}</arg>
<doc>Click the element identified by ``locator``.</doc>
<msg timestamp="20220216 18:23:51.590" level="INFO">Clicking element 'xpath=//div[@id='category-page']//div[@data-productid='4901301259691']'.</msg>
<status status="PASS" starttime="20220216 18:23:51.590" endtime="20220216 18:23:51.688"/>
</kw>
<status status="PASS" starttime="20220216 18:23:50.588" endtime="20220216 18:23:51.689"/>
</kw>
<status status="PASS" starttime="20220216 18:23:50.586" endtime="20220216 18:23:51.689"/>
</kw>
<kw name="Verify product detail page" library="product_detail_keywords">
<arg>${product_info.name}</arg>
<arg>${product_info.sku}</arg>
<arg>${product_info.price}</arg>
<kw name="Verify product name displays correctly" library="product_detail_page">
<arg>${product_name}</arg>
<doc>Check name of product on display</doc>
<kw name="Replace String" library="String">
<var>${name}</var>
<arg>${product_detail_page.lbl_product_name}</arg>
<arg>$product_name</arg>
<arg>${product_name}</arg>
<doc>Replaces ``search_for`` in the given ``string`` with ``replace_with``.</doc>
<msg timestamp="20220216 18:23:51.692" level="INFO">${name} = xpath=//div[@class='name']/h1[text()='Merries Baby Diaper Pants Size M 74pcs.']</msg>
<status status="PASS" starttime="20220216 18:23:51.691" endtime="20220216 18:23:51.692"/>
</kw>
<kw name="Wait web element is visible" library="common">
<arg>${name}</arg>
<kw name="Wait Until Element Is Visible" library="SeleniumLibrary">
<arg>${location}</arg>
<arg>${timeout}</arg>
<doc>Waits until the element ``locator`` is visible.</doc>
<status status="PASS" starttime="20220216 18:23:51.692" endtime="20220216 18:23:52.711"/>
</kw>
<status status="PASS" starttime="20220216 18:23:51.692" endtime="20220216 18:23:52.711"/>
</kw>
<status status="PASS" starttime="20220216 18:23:51.691" endtime="20220216 18:23:52.711"/>
</kw>
<kw name="Verify product sku displays correctly" library="product_detail_page">
<arg>${sku}</arg>
<doc>check sku of product on display</doc>
<kw name="Replace String" library="String">
<var>${product_sku}</var>
<arg>${product_detail_page.lbl_product_sku}</arg>
<arg>$product_sku</arg>
<arg>${sku}</arg>
<doc>Replaces ``search_for`` in the given ``string`` with ``replace_with``.</doc>
<msg timestamp="20220216 18:23:52.712" level="INFO">${product_sku} = xpath=//div[@class='sku' and text()='4901301259691']</msg>
<status status="PASS" starttime="20220216 18:23:52.712" endtime="20220216 18:23:52.712"/>
</kw>
<kw name="Wait web element is visible" library="common">
<arg>${product_sku}</arg>
<kw name="Wait Until Element Is Visible" library="SeleniumLibrary">
<arg>${location}</arg>
<arg>${timeout}</arg>
<doc>Waits until the element ``locator`` is visible.</doc>
<status status="PASS" starttime="20220216 18:23:52.713" endtime="20220216 18:23:52.744"/>
</kw>
<status status="PASS" starttime="20220216 18:23:52.713" endtime="20220216 18:23:52.745"/>
</kw>
<status status="PASS" starttime="20220216 18:23:52.711" endtime="20220216 18:23:52.745"/>
</kw>
<kw name="Verify promotion badges displays correctly" library="product_detail_page">
<doc>check promo baddes on display</doc>
<kw name="Wait web element is visible" library="common">
<arg>${product_detail_page.img_product_promo_badges}</arg>
<kw name="Wait Until Element Is Visible" library="SeleniumLibrary">
<arg>${location}</arg>
<arg>${timeout}</arg>
<doc>Waits until the element ``locator`` is visible.</doc>
<status status="PASS" starttime="20220216 18:23:52.747" endtime="20220216 18:23:52.892"/>
</kw>
<status status="PASS" starttime="20220216 18:23:52.745" endtime="20220216 18:23:52.892"/>
</kw>
<status status="PASS" starttime="20220216 18:23:52.745" endtime="20220216 18:23:52.892"/>
</kw>
<kw name="Convert To String" library="BuiltIn">
<var>${price}</var>
<arg>${price}</arg>
<doc>Converts the given item to a Unicode string.</doc>
<msg timestamp="20220216 18:23:52.893" level="INFO">${price} = 669.00</msg>
<status status="PASS" starttime="20220216 18:23:52.893" endtime="20220216 18:23:52.893"/>
</kw>
<kw name="Verify product price displays correctly" library="product_detail_page">
<arg>${price}</arg>
<doc>check price of product on display</doc>
<kw name="Replace String" library="String">
<var>${product_price}</var>
<arg>${product_detail_page.lbl_product_price}</arg>
<arg>$price</arg>
<arg>${price}</arg>
<doc>Replaces ``search_for`` in the given ``string`` with ``replace_with``.</doc>
<msg timestamp="20220216 18:23:52.894" level="INFO">${product_price} = xpath=//span[@class='current-price' and .='669.00']</msg>
<status status="PASS" starttime="20220216 18:23:52.893" endtime="20220216 18:23:52.894"/>
</kw>
<kw name="Wait web element is visible" library="common">
<arg>${product_price}</arg>
<kw name="Wait Until Element Is Visible" library="SeleniumLibrary">
<arg>${location}</arg>
<arg>${timeout}</arg>
<doc>Waits until the element ``locator`` is visible.</doc>
<status status="PASS" starttime="20220216 18:23:52.894" endtime="20220216 18:23:52.917"/>
</kw>
<status status="PASS" starttime="20220216 18:23:52.894" endtime="20220216 18:23:52.917"/>
</kw>
<status status="PASS" starttime="20220216 18:23:52.893" endtime="20220216 18:23:52.918"/>
</kw>
<kw name="Verify 'add to my list' button displays correctly" library="product_detail_page">
<doc>check add product on wish list on display</doc>
<kw name="Wait web element is visible" library="common">
<arg>${product_detail_page.btn_add_to_my_list}</arg>
<kw name="Wait Until Element Is Visible" library="SeleniumLibrary">
<arg>${location}</arg>
<arg>${timeout}</arg>
<doc>Waits until the element ``locator`` is visible.</doc>
<status status="PASS" starttime="20220216 18:23:52.919" endtime="20220216 18:23:52.941"/>
</kw>
<status status="PASS" starttime="20220216 18:23:52.918" endtime="20220216 18:23:52.941"/>
</kw>
<status status="PASS" starttime="20220216 18:23:52.918" endtime="20220216 18:23:52.941"/>
</kw>
<kw name="Verify 'add to cart' button displays correctly" library="product_detail_page">
<doc>Verify button add to cart display</doc>
<kw name="Wait web element is visible" library="common">
<arg>${product_detail_page.btn_add_to_cart}</arg>
<kw name="Wait Until Element Is Visible" library="SeleniumLibrary">
<arg>${location}</arg>
<arg>${timeout}</arg>
<doc>Waits until the element ``locator`` is visible.</doc>
<status status="PASS" starttime="20220216 18:23:52.943" endtime="20220216 18:23:52.963"/>
</kw>
<status status="PASS" starttime="20220216 18:23:52.942" endtime="20220216 18:23:52.964"/>
</kw>
<kw name="Element Should Be Enabled" library="SeleniumLibrary">
<arg>${product_detail_page.btn_add_to_cart}</arg>
<doc>Verifies that element identified by ``locator`` is enabled.</doc>
<status status="PASS" starttime="20220216 18:23:52.964" endtime="20220216 18:23:52.986"/>
</kw>
<status status="PASS" starttime="20220216 18:23:52.942" endtime="20220216 18:23:52.986"/>
</kw>
<status status="PASS" starttime="20220216 18:23:51.689" endtime="20220216 18:23:52.986"/>
</kw>
<kw name="Test tear down" library="common" type="TEARDOWN">
<kw name="Run Keyword If Test Failed" library="BuiltIn">
<arg>Capture Element Screenshot</arg>
<arg>xpath=//body</arg>
<doc>Runs the given keyword with the given arguments, if the test failed.</doc>
<status status="PASS" starttime="20220216 18:23:52.987" endtime="20220216 18:23:52.987"/>
</kw>
<kw name="Close All Browsers" library="SeleniumLibrary">
<doc>Closes all open browsers and resets the browser cache.</doc>
<status status="PASS" starttime="20220216 18:23:52.987" endtime="20220216 18:23:55.197"/>
</kw>
<status status="PASS" starttime="20220216 18:23:52.987" endtime="20220216 18:23:55.198"/>
</kw>
<doc>Get product infomation from api to Verify product detail page</doc>
<status status="PASS" starttime="20220216 18:23:43.779" endtime="20220216 18:23:55.198"/>
</test>
<status status="PASS" starttime="20220216 18:23:38.960" endtime="20220216 18:23:55.205"/>
</suite>
<status status="PASS" starttime="20220216 18:23:11.959" endtime="20220216 18:23:55.213"/>
</suite>
<statistics>
<total>
<stat pass="2" fail="0" skip="0">All Tests</stat>
</total>
<tag>
</tag>
<suite>
<stat pass="2" fail="0" skip="0" id="s1" name="Combine">Combine</stat>
<stat pass="1" fail="0" skip="0" id="s1-s1" name="Api Get Product Info And Add To Cart">Combine.Api Get Product Info And Add To Cart</stat>
<stat pass="1" fail="0" skip="0" id="s1-s2" name="Api Get Product Info To Verify Product Detail">Combine.Api Get Product Info To Verify Product Detail</stat>
</suite>
</statistics>
<errors>
</errors>
</robot>
